[I 2026-07-09 19:45:24,235] Trial 17 finished with value: 0.5208333333333333 and parameters: {'lr': 0.00928142592720432, 'batch_size': 32, 'dropout_rate': 0.296698201872444, 'wd': 0.0009895750886519433, 't_0_loop': 3}. Best is trial 17 with value: 0.5208333333333333.

============================================================
Fold 1/5
============================================================
Epoch 1/100 [Alpha: 0.00] | Train loss: 1.6950 | Val loss: 1.8865 | Val UAR: 0.3750
Epoch 10/100 [Alpha: 0.30] | Train loss: 0.3126 | Val loss: 2.1326 | Val UAR: 0.4844
Epoch 20/100 [Alpha: 0.50] | Train loss: 0.2953 | Val loss: 1.9836 | Val UAR: 0.5781
Epoch 30/100 [Alpha: 0.50] | Train loss: 0.2276 | Val loss: 2.7744 | Val UAR: 0.4453
Epoch 40/100 [Alpha: 0.50] | Train loss: 0.1423 | Val loss: 2.9980 | Val UAR: 0.4766
Epoch 50/100 [Alpha: 0.50] | Train loss: 0.2643 | Val loss: 2.7375 | Val UAR: 0.4531
Epoch 60/100 [Alpha: 0.50] | Train loss: 0.1114 | Val loss: 1.9534 | Val UAR: 0.5547
Epoch 70/100 [Alpha: 0.50] | Train loss: 0.1325 | Val loss: 2.3608 | Val UAR: 0.5625
Epoch 80/100 [Alpha: 0.50] | Train loss: 0.1074 | Val loss: 2.5312 | Val UAR: 0.5781
Epoch 90/100 [Alpha: 0.50] | Train loss: 0.0960 | Val loss: 1.6558 | Val UAR: 0.6172
Epoch 100/100 [Alpha: 0.50] | Train loss: 0.1418 | Val loss: 2.4260 | Val UAR: 0.5391

============================================================
Fold 2/5
============================================================
Epoch 1/100 [Alpha: 0.00] | Train loss: 1.7150 | Val loss: 1.9483 | Val UAR: 0.2891
Epoch 10/100 [Alpha: 0.30] | Train loss: 0.2537 | Val loss: 2.5315 | Val UAR: 0.4531
Epoch 20/100 [Alpha: 0.50] | Train loss: 0.3405 | Val loss: 2.8146 | Val UAR: 0.3359
Epoch 30/100 [Alpha: 0.50] | Train loss: 0.1508 | Val loss: 3.1589 | Val UAR: 0.4531
Epoch 40/100 [Alpha: 0.50] | Train loss: 0.3063 | Val loss: 2.7032 | Val UAR: 0.4375
Epoch 50/100 [Alpha: 0.50] | Train loss: 0.2151 | Val loss: 2.4868 | Val UAR: 0.5000
...
Epoch 60/100 [Alpha: 0.50] | Train loss: 0.1914 | Val loss: 1.5372 | Val UAR: 0.6484
Epoch 70/100 [Alpha: 0.50] | Train loss: 0.3046 | Val loss: 1.9638 | Val UAR: 0.5703
Epoch 80/100 [Alpha: 0.50] | Train loss: 0.1632 | Val loss: 1.5546 | Val UAR: 0.6094
Epoch 90/100 [Alpha: 0.50] | Train loss: 0.0809 | Val loss: 1.4228 | Val UAR: 0.6172
Output is truncated. View as a scrollable element or open in a text editor. Adjust cell output settings...
[I 2026-07-09 20:03:42,559] Trial 18 finished with value: 0.4921875 and parameters: {'lr': 0.0074385362235814345, 'batch_size': 16, 'dropout_rate': 0.28895663204000843, 'wd': 0.001128292472328709, 't_0_loop': 3}. Best is trial 17 with value: 0.5208333333333333.
Epoch 100/100 [Alpha: 0.50] | Train loss: 0.2442 | Val loss: 2.0801 | Val UAR: 0.5781

============================================================
Fold 1/5
============================================================
Epoch 1/100 [Alpha: 0.00] | Train loss: 1.9209 | Val loss: 1.8461 | Val UAR: 0.2812
Epoch 10/100 [Alpha: 0.30] | Train loss: 0.2253 | Val loss: 1.8669 | Val UAR: 0.4375
Epoch 20/100 [Alpha: 0.50] | Train loss: 0.1638 | Val loss: 2.4127 | Val UAR: 0.4062
Epoch 30/100 [Alpha: 0.50] | Train loss: 0.0936 | Val loss: 2.1839 | Val UAR: 0.4375
Epoch 40/100 [Alpha: 0.50] | Train loss: 0.0471 | Val loss: 2.7138 | Val UAR: 0.4219
Epoch 50/100 [Alpha: 0.50] | Train loss: 0.0653 | Val loss: 3.0382 | Val UAR: 0.4219
Epoch 60/100 [Alpha: 0.50] | Train loss: 0.0410 | Val loss: 3.0950 | Val UAR: 0.4219
Epoch 70/100 [Alpha: 0.50] | Train loss: 0.0017 | Val loss: 2.9634 | Val UAR: 0.4375
Epoch 80/100 [Alpha: 0.50] | Train loss: 0.0602 | Val loss: 3.0956 | Val UAR: 0.4141
Epoch 90/100 [Alpha: 0.50] | Train loss: 0.0462 | Val loss: 3.0237 | Val UAR: 0.4844
Epoch 100/100 [Alpha: 0.50] | Train loss: 0.0486 | Val loss: 3.1239 | Val UAR: 0.4531

============================================================
Fold 2/5
============================================================
Epoch 1/100 [Alpha: 0.00] | Train loss: 1.9546 | Val loss: 1.7955 | Val UAR: 0.3125
Epoch 10/100 [Alpha: 0.30] | Train loss: 0.2169 | Val loss: 2.4863 | Val UAR: 0.4062
Epoch 20/100 [Alpha: 0.50] | Train loss: 0.1442 | Val loss: 3.0780 | Val UAR: 0.4062
Epoch 30/100 [Alpha: 0.50] | Train loss: 0.0745 | Val loss: 3.6427 | Val UAR: 0.3984
Epoch 40/100 [Alpha: 0.50] | Train loss: 0.0343 | Val loss: 3.6099 | Val UAR: 0.3672
...
Epoch 60/100 [Alpha: 0.50] | Train loss: 0.0178 | Val loss: 2.0051 | Val UAR: 0.6016
Epoch 70/100 [Alpha: 0.50] | Train loss: 0.0181 | Val loss: 2.1858 | Val UAR: 0.5391
Epoch 80/100 [Alpha: 0.50] | Train loss: 0.0310 | Val loss: 2.0386 | Val UAR: 0.5859
Epoch 90/100 [Alpha: 0.50] | Train loss: 0.0260 | Val loss: 2.0316 | Val UAR: 0.6562
Output is truncated. View as a scrollable element or open in a text editor. Adjust cell output settings...
[I 2026-07-09 20:12:37,265] Trial 19 finished with value: 0.470703125 and parameters: {'lr': 0.0017367053298255383, 'batch_size': 32, 'dropout_rate': 0.19102764855067528, 'wd': 9.353231790599053e-05, 't_0_loop': 5}. Best is trial 17 with value: 0.5208333333333333.
Epoch 100/100 [Alpha: 0.50] | Train loss: 0.0140 | Val loss: 2.1455 | Val UAR: 0.6250

============================================================
Fold 1/5
============================================================
Epoch 1/100 [Alpha: 0.00] | Train loss: 2.9858 | Val loss: 2.3452 | Val UAR: 0.1250
Epoch 10/100 [Alpha: 0.30] | Train loss: 2.8441 | Val loss: 2.5350 | Val UAR: 0.1484
Epoch 20/100 [Alpha: 0.50] | Train loss: 2.6765 | Val loss: 2.2804 | Val UAR: 0.1719
Epoch 30/100 [Alpha: 0.50] | Train loss: 2.3071 | Val loss: 2.1218 | Val UAR: 0.2266
Epoch 40/100 [Alpha: 0.50] | Train loss: 2.2847 | Val loss: 2.0655 | Val UAR: 0.2500
Epoch 50/100 [Alpha: 0.50] | Train loss: 2.1000 | Val loss: 2.0080 | Val UAR: 0.2734
Epoch 60/100 [Alpha: 0.50] | Train loss: 2.0529 | Val loss: 1.9553 | Val UAR: 0.2969
Epoch 70/100 [Alpha: 0.50] | Train loss: 1.8614 | Val loss: 1.9542 | Val UAR: 0.2891
Epoch 80/100 [Alpha: 0.50] | Train loss: 1.7777 | Val loss: 1.9491 | Val UAR: 0.3047
Epoch 90/100 [Alpha: 0.50] | Train loss: 1.7068 | Val loss: 1.9182 | Val UAR: 0.3125
Epoch 100/100 [Alpha: 0.50] | Train loss: 1.5978 | Val loss: 1.8997 | Val UAR: 0.2891

============================================================
Fold 2/5
============================================================
Epoch 1/100 [Alpha: 0.00] | Train loss: 3.7146 | Val loss: 2.3070 | Val UAR: 0.0938
Epoch 10/100 [Alpha: 0.30] | Train loss: 3.0610 | Val loss: 2.2189 | Val UAR: 0.1641
Epoch 20/100 [Alpha: 0.50] | Train loss: 2.8162 | Val loss: 2.0647 | Val UAR: 0.2109
Epoch 30/100 [Alpha: 0.50] | Train loss: 2.5023 | Val loss: 1.9629 | Val UAR: 0.2422
Epoch 40/100 [Alpha: 0.50] | Train loss: 2.2969 | Val loss: 1.9189 | Val UAR: 0.2812
...
Epoch 60/100 [Alpha: 0.50] | Train loss: 1.8179 | Val loss: 1.6290 | Val UAR: 0.4297
Epoch 70/100 [Alpha: 0.50] | Train loss: 1.7923 | Val loss: 1.5649 | Val UAR: 0.4922
Epoch 80/100 [Alpha: 0.50] | Train loss: 1.7262 | Val loss: 1.5267 | Val UAR: 0.5234
Epoch 90/100 [Alpha: 0.50] | Train loss: 1.5871 | Val loss: 1.4921 | Val UAR: 0.5000
Output is truncated. View as a scrollable element or open in a text editor. Adjust cell output settings...
[I 2026-07-09 20:23:21,779] Trial 20 finished with value: 0.3795572916666667 and parameters: {'lr': 4.128894681968952e-05, 'batch_size': 32, 'dropout_rate': 0.49803629967759466, 'wd': 0.0014803022440444161, 't_0_loop': 10}. Best is trial 17 with value: 0.5208333333333333.
Epoch 100/100 [Alpha: 0.50] | Train loss: 1.4722 | Val loss: 1.4436 | Val UAR: 0.5078

============================================================
Fold 1/5
============================================================
Epoch 1/100 [Alpha: 0.00] | Train loss: 1.8904 | Val loss: 1.6357 | Val UAR: 0.3594
Epoch 10/100 [Alpha: 0.30] | Train loss: 0.4323 | Val loss: 1.6277 | Val UAR: 0.5000
Epoch 20/100 [Alpha: 0.50] | Train loss: 0.4580 | Val loss: 2.3660 | Val UAR: 0.4141
Epoch 30/100 [Alpha: 0.50] | Train loss: 0.3049 | Val loss: 2.0321 | Val UAR: 0.5625
Epoch 40/100 [Alpha: 0.50] | Train loss: 0.3466 | Val loss: 2.6993 | Val UAR: 0.4688
Epoch 50/100 [Alpha: 0.50] | Train loss: 0.3967 | Val loss: 3.1020 | Val UAR: 0.4219
Epoch 60/100 [Alpha: 0.50] | Train loss: 0.2233 | Val loss: 2.5722 | Val UAR: 0.5469
Epoch 70/100 [Alpha: 0.50] | Train loss: 0.2272 | Val loss: 2.1396 | Val UAR: 0.5391
Epoch 80/100 [Alpha: 0.50] | Train loss: 0.3503 | Val loss: 2.5065 | Val UAR: 0.5625
Epoch 90/100 [Alpha: 0.50] | Train loss: 0.2687 | Val loss: 2.7576 | Val UAR: 0.5078
Epoch 100/100 [Alpha: 0.50] | Train loss: 0.2388 | Val loss: 4.4203 | Val UAR: 0.4453

============================================================
Fold 2/5
============================================================
Epoch 1/100 [Alpha: 0.00] | Train loss: 1.8581 | Val loss: 1.7312 | Val UAR: 0.3047
Epoch 10/100 [Alpha: 0.30] | Train loss: 0.3672 | Val loss: 1.9551 | Val UAR: 0.4688
Epoch 20/100 [Alpha: 0.50] | Train loss: 0.4094 | Val loss: 3.1214 | Val UAR: 0.4297
Epoch 30/100 [Alpha: 0.50] | Train loss: 0.3369 | Val loss: 2.7733 | Val UAR: 0.4609
Epoch 40/100 [Alpha: 0.50] | Train loss: 0.1730 | Val loss: 3.4464 | Val UAR: 0.4219
...
Epoch 60/100 [Alpha: 0.50] | Train loss: 0.2024 | Val loss: 1.9978 | Val UAR: 0.7031
Epoch 70/100 [Alpha: 0.50] | Train loss: 0.2858 | Val loss: 2.0987 | Val UAR: 0.6172
Epoch 80/100 [Alpha: 0.50] | Train loss: 0.2131 | Val loss: 2.5027 | Val UAR: 0.6016
Epoch 90/100 [Alpha: 0.50] | Train loss: 0.3081 | Val loss: 2.3934 | Val UAR: 0.5625
Output is truncated. View as a scrollable element or open in a text editor. Adjust cell output settings...
[I 2026-07-09 20:34:18,093] Trial 21 finished with value: 0.49739583333333337 and parameters: {'lr': 0.02758839232023226, 'batch_size': 32, 'dropout_rate': 0.30380015168211894, 'wd': 0.0002862933390118625, 't_0_loop': 3}. Best is trial 17 with value: 0.5208333333333333.
Epoch 100/100 [Alpha: 0.50] | Train loss: 0.3195 | Val loss: 2.8661 | Val UAR: 0.5625

============================================================
Fold 1/5
============================================================
Epoch 1/100 [Alpha: 0.00] | Train loss: 1.9142 | Val loss: 1.7827 | Val UAR: 0.2422
Epoch 10/100 [Alpha: 0.30] | Train loss: 0.3248 | Val loss: 1.8238 | Val UAR: 0.5391
Epoch 20/100 [Alpha: 0.50] | Train loss: 0.2690 | Val loss: 2.1588 | Val UAR: 0.5000
Epoch 30/100 [Alpha: 0.50] | Train loss: 0.2547 | Val loss: 1.8475 | Val UAR: 0.5469
Epoch 40/100 [Alpha: 0.50] | Train loss: 0.2066 | Val loss: 2.7904 | Val UAR: 0.4688
Epoch 50/100 [Alpha: 0.50] | Train loss: 0.2207 | Val loss: 3.3008 | Val UAR: 0.5000
Epoch 60/100 [Alpha: 0.50] | Train loss: 0.1471 | Val loss: 2.5711 | Val UAR: 0.4922
Epoch 70/100 [Alpha: 0.50] | Train loss: 0.1371 | Val loss: 2.6102 | Val UAR: 0.5234
Epoch 80/100 [Alpha: 0.50] | Train loss: 0.2285 | Val loss: 2.4977 | Val UAR: 0.5078
Epoch 90/100 [Alpha: 0.50] | Train loss: 0.1291 | Val loss: 3.3479 | Val UAR: 0.5234
Epoch 100/100 [Alpha: 0.50] | Train loss: 0.1938 | Val loss: 4.3067 | Val UAR: 0.4062

============================================================
Fold 2/5
============================================================
Epoch 1/100 [Alpha: 0.00] | Train loss: 1.9136 | Val loss: 1.7687 | Val UAR: 0.3281
Epoch 10/100 [Alpha: 0.30] | Train loss: 0.2540 | Val loss: 3.2108 | Val UAR: 0.4609
Epoch 20/100 [Alpha: 0.50] | Train loss: 0.3019 | Val loss: 3.3153 | Val UAR: 0.4531
Epoch 30/100 [Alpha: 0.50] | Train loss: 0.1958 | Val loss: 2.8583 | Val UAR: 0.4453
Epoch 40/100 [Alpha: 0.50] | Train loss: 0.2005 | Val loss: 3.4093 | Val UAR: 0.4531
...
Epoch 60/100 [Alpha: 0.50] | Train loss: 0.1740 | Val loss: 2.1850 | Val UAR: 0.5312
Epoch 70/100 [Alpha: 0.50] | Train loss: 0.1603 | Val loss: 2.1747 | Val UAR: 0.5391
Epoch 80/100 [Alpha: 0.50] | Train loss: 0.2117 | Val loss: 3.3714 | Val UAR: 0.4844
Epoch 90/100 [Alpha: 0.50] | Train loss: 0.1677 | Val loss: 2.4292 | Val UAR: 0.5312
Output is truncated. View as a scrollable element or open in a text editor. Adjust cell output settings...
[I 2026-07-09 20:44:12,250] Trial 22 finished with value: 0.48958333333333326 and parameters: {'lr': 0.012271776504620049, 'batch_size': 32, 'dropout_rate': 0.38177207545836567, 'wd': 9.689631859867857e-05, 't_0_loop': 3}. Best is trial 17 with value: 0.5208333333333333.
Epoch 100/100 [Alpha: 0.50] | Train loss: 0.1447 | Val loss: 3.1238 | Val UAR: 0.4844

============================================================
Fold 1/5
============================================================
Epoch 1/100 [Alpha: 0.00] | Train loss: 1.8154 | Val loss: 1.6246 | Val UAR: 0.3828
Epoch 10/100 [Alpha: 0.30] | Train loss: 0.2230 | Val loss: 2.2577 | Val UAR: 0.4844
Epoch 20/100 [Alpha: 0.50] | Train loss: 0.2798 | Val loss: 2.0349 | Val UAR: 0.4922
Epoch 30/100 [Alpha: 0.50] | Train loss: 0.1398 | Val loss: 2.1618 | Val UAR: 0.5156
Epoch 40/100 [Alpha: 0.50] | Train loss: 0.1703 | Val loss: 2.5230 | Val UAR: 0.4219
Epoch 50/100 [Alpha: 0.50] | Train loss: 0.1573 | Val loss: 2.4741 | Val UAR: 0.5234
Epoch 60/100 [Alpha: 0.50] | Train loss: 0.1117 | Val loss: 2.2024 | Val UAR: 0.5391
Epoch 70/100 [Alpha: 0.50] | Train loss: 0.1004 | Val loss: 3.0576 | Val UAR: 0.4844
Epoch 80/100 [Alpha: 0.50] | Train loss: 0.1270 | Val loss: 2.5189 | Val UAR: 0.5312
Epoch 90/100 [Alpha: 0.50] | Train loss: 0.1246 | Val loss: 2.3801 | Val UAR: 0.5156
Epoch 100/100 [Alpha: 0.50] | Train loss: 0.0490 | Val loss: 2.2351 | Val UAR: 0.5547

============================================================
Fold 2/5
============================================================
Epoch 1/100 [Alpha: 0.00] | Train loss: 1.7313 | Val loss: 1.8433 | Val UAR: 0.3438
Epoch 10/100 [Alpha: 0.30] | Train loss: 0.2512 | Val loss: 2.9580 | Val UAR: 0.3594
Epoch 20/100 [Alpha: 0.50] | Train loss: 0.2641 | Val loss: 3.5429 | Val UAR: 0.4609
Epoch 30/100 [Alpha: 0.50] | Train loss: 0.1401 | Val loss: 3.0013 | Val UAR: 0.4766
Epoch 40/100 [Alpha: 0.50] | Train loss: 0.1512 | Val loss: 3.6747 | Val UAR: 0.4453
...
Epoch 60/100 [Alpha: 0.50] | Train loss: 0.1084 | Val loss: 1.2566 | Val UAR: 0.6875
Epoch 70/100 [Alpha: 0.50] | Train loss: 0.1035 | Val loss: 1.1279 | Val UAR: 0.7188
Epoch 80/100 [Alpha: 0.50] | Train loss: 0.1616 | Val loss: 1.8117 | Val UAR: 0.6406
Epoch 90/100 [Alpha: 0.50] | Train loss: 0.1255 | Val loss: 1.6735 | Val UAR: 0.6094
Output is truncated. View as a scrollable element or open in a text editor. Adjust cell output settings...
[I 2026-07-09 20:51:15,356] Trial 23 finished with value: 0.494140625 and parameters: {'lr': 0.006313736291949471, 'batch_size': 32, 'dropout_rate': 0.2879042039722438, 'wd': 0.0006565425987261149, 't_0_loop': 3}. Best is trial 17 with value: 0.5208333333333333.
Epoch 100/100 [Alpha: 0.50] | Train loss: 0.1485 | Val loss: 1.8880 | Val UAR: 0.6250

============================================================
Fold 1/5
============================================================
Epoch 1/100 [Alpha: 0.00] | Train loss: 2.0222 | Val loss: 1.7153 | Val UAR: 0.2578
Epoch 10/100 [Alpha: 0.30] | Train loss: 0.3697 | Val loss: 2.3509 | Val UAR: 0.4141
Epoch 20/100 [Alpha: 0.50] | Train loss: 0.3956 | Val loss: 1.9254 | Val UAR: 0.5078
Epoch 30/100 [Alpha: 0.50] | Train loss: 0.2764 | Val loss: 3.0146 | Val UAR: 0.4062
Epoch 40/100 [Alpha: 0.50] | Train loss: 0.2139 | Val loss: 3.1115 | Val UAR: 0.4062
Epoch 50/100 [Alpha: 0.50] | Train loss: 0.2514 | Val loss: 2.8848 | Val UAR: 0.4766
Epoch 60/100 [Alpha: 0.50] | Train loss: 0.1787 | Val loss: 3.0178 | Val UAR: 0.5156
Epoch 70/100 [Alpha: 0.50] | Train loss: 0.2481 | Val loss: 3.6238 | Val UAR: 0.3828
Epoch 80/100 [Alpha: 0.50] | Train loss: 0.2651 | Val loss: 3.9916 | Val UAR: 0.4141
Epoch 90/100 [Alpha: 0.50] | Train loss: 0.1412 | Val loss: 3.2207 | Val UAR: 0.4609
Epoch 100/100 [Alpha: 0.50] | Train loss: 0.1972 | Val loss: 3.3650 | Val UAR: 0.5000

============================================================
Fold 2/5
============================================================
Epoch 1/100 [Alpha: 0.00] | Train loss: 1.8778 | Val loss: 1.7809 | Val UAR: 0.3828
Epoch 10/100 [Alpha: 0.30] | Train loss: 0.3469 | Val loss: 3.5622 | Val UAR: 0.4375
Epoch 20/100 [Alpha: 0.50] | Train loss: 0.2916 | Val loss: 3.7394 | Val UAR: 0.4219
Epoch 30/100 [Alpha: 0.50] | Train loss: 0.2127 | Val loss: 3.1635 | Val UAR: 0.4688
Epoch 40/100 [Alpha: 0.50] | Train loss: 0.1840 | Val loss: 3.3896 | Val UAR: 0.5156
...
Epoch 60/100 [Alpha: 0.50] | Train loss: 0.2201 | Val loss: 2.8074 | Val UAR: 0.5391
Epoch 70/100 [Alpha: 0.50] | Train loss: 0.1707 | Val loss: 2.0847 | Val UAR: 0.5938
Epoch 80/100 [Alpha: 0.50] | Train loss: 0.2226 | Val loss: 3.7035 | Val UAR: 0.5312
Epoch 90/100 [Alpha: 0.50] | Train loss: 0.2023 | Val loss: 3.0673 | Val UAR: 0.6172
Output is truncated. View as a scrollable element or open in a text editor. Adjust cell output settings...
[I 2026-07-09 20:57:57,416] Trial 24 finished with value: 0.5 and parameters: {'lr': 0.016493700323876526, 'batch_size': 32, 'dropout_rate': 0.384831110399289, 'wd': 0.00014899378441913776, 't_0_loop': 3}. Best is trial 17 with value: 0.5208333333333333.
Epoch 100/100 [Alpha: 0.50] | Train loss: 0.1057 | Val loss: 3.2067 | Val UAR: 0.5156

============================================================
Fold 1/5
============================================================
Epoch 1/100 [Alpha: 0.00] | Train loss: 1.9033 | Val loss: 1.9013 | Val UAR: 0.2812
Epoch 10/100 [Alpha: 0.30] | Train loss: 0.3079 | Val loss: 1.7819 | Val UAR: 0.5234
Epoch 20/100 [Alpha: 0.50] | Train loss: 0.1304 | Val loss: 2.1661 | Val UAR: 0.5078
Epoch 30/100 [Alpha: 0.50] | Train loss: 0.0785 | Val loss: 2.5233 | Val UAR: 0.4844
Epoch 40/100 [Alpha: 0.50] | Train loss: 0.0649 | Val loss: 2.6641 | Val UAR: 0.4766
Epoch 50/100 [Alpha: 0.50] | Train loss: 0.0507 | Val loss: 2.4726 | Val UAR: 0.5312
Epoch 60/100 [Alpha: 0.50] | Train loss: 0.0352 | Val loss: 2.8314 | Val UAR: 0.5000
Epoch 70/100 [Alpha: 0.50] | Train loss: 0.0021 | Val loss: 2.3334 | Val UAR: 0.5234
Epoch 80/100 [Alpha: 0.50] | Train loss: 0.0164 | Val loss: 2.4641 | Val UAR: 0.5234
Epoch 90/100 [Alpha: 0.50] | Train loss: 0.0049 | Val loss: 2.3944 | Val UAR: 0.5547
Epoch 100/100 [Alpha: 0.50] | Train loss: 0.0676 | Val loss: 2.5438 | Val UAR: 0.5312

============================================================
Fold 2/5
============================================================
Epoch 1/100 [Alpha: 0.00] | Train loss: 2.0224 | Val loss: 1.8761 | Val UAR: 0.2969
Epoch 10/100 [Alpha: 0.30] | Train loss: 0.2687 | Val loss: 2.3301 | Val UAR: 0.3984
Epoch 20/100 [Alpha: 0.50] | Train loss: 0.1441 | Val loss: 3.0848 | Val UAR: 0.3984
Epoch 30/100 [Alpha: 0.50] | Train loss: 0.0979 | Val loss: 3.2321 | Val UAR: 0.3984
Epoch 40/100 [Alpha: 0.50] | Train loss: 0.1121 | Val loss: 2.7889 | Val UAR: 0.4531
...
Epoch 60/100 [Alpha: 0.50] | Train loss: 0.0378 | Val loss: 1.8192 | Val UAR: 0.5938
Epoch 70/100 [Alpha: 0.50] | Train loss: 0.0772 | Val loss: 1.7110 | Val UAR: 0.6172
Epoch 80/100 [Alpha: 0.50] | Train loss: 0.0197 | Val loss: 1.8655 | Val UAR: 0.5781
Epoch 90/100 [Alpha: 0.50] | Train loss: 0.0012 | Val loss: 1.6042 | Val UAR: 0.6172
Output is truncated. View as a scrollable element or open in a text editor. Adjust cell output settings...
[I 2026-07-09 21:08:59,980] Trial 25 finished with value: 0.49739583333333337 and parameters: {'lr': 0.001142519601011422, 'batch_size': 16, 'dropout_rate': 0.2744813467355028, 'wd': 0.0004393992732353082, 't_0_loop': 2}. Best is trial 17 with value: 0.5208333333333333.
Epoch 100/100 [Alpha: 0.50] | Train loss: 0.0010 | Val loss: 1.6430 | Val UAR: 0.6250

============================================================
Fold 1/5
============================================================
Epoch 1/100 [Alpha: 0.00] | Train loss: 1.8333 | Val loss: 1.6461 | Val UAR: 0.3828
Epoch 10/100 [Alpha: 0.30] | Train loss: 0.3230 | Val loss: 1.7965 | Val UAR: 0.5000
Epoch 20/100 [Alpha: 0.50] | Train loss: 0.4361 | Val loss: 2.1656 | Val UAR: 0.4219
Epoch 30/100 [Alpha: 0.50] | Train loss: 0.2197 | Val loss: 1.9223 | Val UAR: 0.4609
Epoch 40/100 [Alpha: 0.50] | Train loss: 0.3134 | Val loss: 1.9580 | Val UAR: 0.5156
Epoch 50/100 [Alpha: 0.50] | Train loss: 0.2913 | Val loss: 1.8320 | Val UAR: 0.4922
Epoch 60/100 [Alpha: 0.50] | Train loss: 0.2209 | Val loss: 1.6527 | Val UAR: 0.5469
Epoch 70/100 [Alpha: 0.50] | Train loss: 0.2979 | Val loss: 1.9968 | Val UAR: 0.4844
Epoch 80/100 [Alpha: 0.50] | Train loss: 0.2801 | Val loss: 1.9753 | Val UAR: 0.4844
Epoch 90/100 [Alpha: 0.50] | Train loss: 0.2025 | Val loss: 1.6345 | Val UAR: 0.5625
Epoch 100/100 [Alpha: 0.50] | Train loss: 0.2567 | Val loss: 2.0071 | Val UAR: 0.5547

============================================================
Fold 2/5
============================================================
Epoch 1/100 [Alpha: 0.00] | Train loss: 1.7444 | Val loss: 1.7611 | Val UAR: 0.3359
Epoch 10/100 [Alpha: 0.30] | Train loss: 0.4263 | Val loss: 1.9848 | Val UAR: 0.4453
Epoch 20/100 [Alpha: 0.50] | Train loss: 0.3554 | Val loss: 2.2206 | Val UAR: 0.4531
Epoch 30/100 [Alpha: 0.50] | Train loss: 0.2164 | Val loss: 2.1565 | Val UAR: 0.4375
Epoch 40/100 [Alpha: 0.50] | Train loss: 0.2776 | Val loss: 2.4186 | Val UAR: 0.4609
...
Epoch 60/100 [Alpha: 0.50] | Train loss: 0.2413 | Val loss: 1.4554 | Val UAR: 0.6406
Epoch 70/100 [Alpha: 0.50] | Train loss: 0.2604 | Val loss: 1.7389 | Val UAR: 0.6094
Epoch 80/100 [Alpha: 0.50] | Train loss: 0.2956 | Val loss: 1.3903 | Val UAR: 0.6562
Epoch 90/100 [Alpha: 0.50] | Train loss: 0.2111 | Val loss: 1.2982 | Val UAR: 0.6562
Output is truncated. View as a scrollable element or open in a text editor. Adjust cell output settings...
