[I 2026-07-09 21:15:45,284] Trial 26 finished with value: 0.5182291666666666 and parameters: {'lr': 0.008829061554156732, 'batch_size': 32, 'dropout_rate': 0.3330526579695219, 'wd': 0.004031261548592732, 't_0_loop': 3}. Best is trial 17 with value: 0.5208333333333333.
Epoch 100/100 [Alpha: 0.50] | Train loss: 0.2699 | Val loss: 1.6166 | Val UAR: 0.6641

============================================================
Fold 1/5
============================================================
Epoch 1/100 [Alpha: 0.00] | Train loss: 2.0474 | Val loss: 1.8660 | Val UAR: 0.2734
Epoch 10/100 [Alpha: 0.30] | Train loss: 0.3553 | Val loss: 1.6394 | Val UAR: 0.4688
Epoch 20/100 [Alpha: 0.50] | Train loss: 0.3370 | Val loss: 2.1679 | Val UAR: 0.4062
Epoch 30/100 [Alpha: 0.50] | Train loss: 0.1736 | Val loss: 2.0559 | Val UAR: 0.4766
Epoch 40/100 [Alpha: 0.50] | Train loss: 0.2980 | Val loss: 2.4508 | Val UAR: 0.4531
Epoch 50/100 [Alpha: 0.50] | Train loss: 0.3018 | Val loss: 2.1738 | Val UAR: 0.4844
Epoch 60/100 [Alpha: 0.50] | Train loss: 0.2155 | Val loss: 2.1762 | Val UAR: 0.4766
Epoch 70/100 [Alpha: 0.50] | Train loss: 0.1571 | Val loss: 2.5159 | Val UAR: 0.4375
Epoch 80/100 [Alpha: 0.50] | Train loss: 0.2424 | Val loss: 2.2183 | Val UAR: 0.4531
Epoch 90/100 [Alpha: 0.50] | Train loss: 0.1576 | Val loss: 2.7305 | Val UAR: 0.4062
Epoch 100/100 [Alpha: 0.50] | Train loss: 0.1226 | Val loss: 2.3593 | Val UAR: 0.4688

============================================================
Fold 2/5
============================================================
Epoch 1/100 [Alpha: 0.00] | Train loss: 2.0048 | Val loss: 1.9176 | Val UAR: 0.2734
Epoch 10/100 [Alpha: 0.30] | Train loss: 0.3300 | Val loss: 2.3679 | Val UAR: 0.3906
Epoch 20/100 [Alpha: 0.50] | Train loss: 0.3400 | Val loss: 2.6308 | Val UAR: 0.4375
Epoch 30/100 [Alpha: 0.50] | Train loss: 0.1801 | Val loss: 2.8143 | Val UAR: 0.4219
Epoch 40/100 [Alpha: 0.50] | Train loss: 0.2694 | Val loss: 2.4687 | Val UAR: 0.3828
...
Epoch 60/100 [Alpha: 0.50] | Train loss: 0.1780 | Val loss: 1.3251 | Val UAR: 0.6328
Epoch 70/100 [Alpha: 0.50] | Train loss: 0.2189 | Val loss: 1.9760 | Val UAR: 0.5469
Epoch 80/100 [Alpha: 0.50] | Train loss: 0.2038 | Val loss: 1.5387 | Val UAR: 0.6172
Epoch 90/100 [Alpha: 0.50] | Train loss: 0.1381 | Val loss: 1.3963 | Val UAR: 0.6328
Output is truncated. View as a scrollable element or open in a text editor. Adjust cell output settings...
[I 2026-07-09 21:25:35,420] Trial 27 finished with value: 0.4895833333333333 and parameters: {'lr': 0.0036416806839623755, 'batch_size': 32, 'dropout_rate': 0.40763540815293536, 'wd': 0.004893712868138368, 't_0_loop': 3}. Best is trial 17 with value: 0.5208333333333333.
Epoch 100/100 [Alpha: 0.50] | Train loss: 0.2186 | Val loss: 1.5681 | Val UAR: 0.6172

============================================================
Fold 1/5
============================================================
Epoch 1/100 [Alpha: 0.00] | Train loss: 1.8054 | Val loss: 1.6943 | Val UAR: 0.3125
Epoch 10/100 [Alpha: 0.30] | Train loss: 0.4051 | Val loss: 1.4751 | Val UAR: 0.4844
Epoch 20/100 [Alpha: 0.50] | Train loss: 0.4323 | Val loss: 1.7176 | Val UAR: 0.4297
Epoch 30/100 [Alpha: 0.50] | Train loss: 0.3095 | Val loss: 1.8407 | Val UAR: 0.5000
Epoch 40/100 [Alpha: 0.50] | Train loss: 0.4054 | Val loss: 2.3641 | Val UAR: 0.4062
Epoch 50/100 [Alpha: 0.50] | Train loss: 0.3615 | Val loss: 2.1045 | Val UAR: 0.4844
Epoch 60/100 [Alpha: 0.50] | Train loss: 0.2648 | Val loss: 1.9952 | Val UAR: 0.4453
Epoch 70/100 [Alpha: 0.50] | Train loss: 0.3176 | Val loss: 2.1612 | Val UAR: 0.4531
Epoch 80/100 [Alpha: 0.50] | Train loss: 0.3511 | Val loss: 2.0902 | Val UAR: 0.4453
Epoch 90/100 [Alpha: 0.50] | Train loss: 0.1784 | Val loss: 2.2337 | Val UAR: 0.4844
Epoch 100/100 [Alpha: 0.50] | Train loss: 0.3944 | Val loss: 1.9542 | Val UAR: 0.4844

============================================================
Fold 2/5
============================================================
Epoch 1/100 [Alpha: 0.00] | Train loss: 1.7339 | Val loss: 1.7737 | Val UAR: 0.2969
Epoch 10/100 [Alpha: 0.30] | Train loss: 0.4364 | Val loss: 2.3079 | Val UAR: 0.3906
Epoch 20/100 [Alpha: 0.50] | Train loss: 0.4345 | Val loss: 2.6912 | Val UAR: 0.3594
Epoch 30/100 [Alpha: 0.50] | Train loss: 0.2732 | Val loss: 1.9711 | Val UAR: 0.4531
Epoch 40/100 [Alpha: 0.50] | Train loss: 0.3611 | Val loss: 2.2582 | Val UAR: 0.4375
...
Epoch 60/100 [Alpha: 0.50] | Train loss: 0.2487 | Val loss: 1.1837 | Val UAR: 0.6953
Epoch 70/100 [Alpha: 0.50] | Train loss: 0.3443 | Val loss: 1.8876 | Val UAR: 0.5781
Epoch 80/100 [Alpha: 0.50] | Train loss: 0.3429 | Val loss: 1.0216 | Val UAR: 0.7109
Epoch 90/100 [Alpha: 0.50] | Train loss: 0.2529 | Val loss: 1.1166 | Val UAR: 0.7266
Output is truncated. View as a scrollable element or open in a text editor. Adjust cell output settings...
[I 2026-07-09 21:35:04,750] Trial 28 finished with value: 0.48763020833333337 and parameters: {'lr': 0.007890677257960029, 'batch_size': 32, 'dropout_rate': 0.31721838022457605, 'wd': 0.007127347531465781, 't_0_loop': 3}. Best is trial 17 with value: 0.5208333333333333.
Epoch 100/100 [Alpha: 0.50] | Train loss: 0.3450 | Val loss: 1.2720 | Val UAR: 0.6797

============================================================
Fold 1/5
============================================================
Epoch 1/100 [Alpha: 0.00] | Train loss: 1.8082 | Val loss: 1.8296 | Val UAR: 0.2812
Epoch 10/100 [Alpha: 0.30] | Train loss: 0.2661 | Val loss: 1.8904 | Val UAR: 0.4141
Epoch 20/100 [Alpha: 0.50] | Train loss: 0.1946 | Val loss: 2.2162 | Val UAR: 0.5547
Epoch 30/100 [Alpha: 0.50] | Train loss: 0.1134 | Val loss: 2.1644 | Val UAR: 0.4922
Epoch 40/100 [Alpha: 0.50] | Train loss: 0.0847 | Val loss: 2.2699 | Val UAR: 0.4375
Epoch 50/100 [Alpha: 0.50] | Train loss: 0.0647 | Val loss: 2.4324 | Val UAR: 0.4375
Epoch 60/100 [Alpha: 0.50] | Train loss: 0.0306 | Val loss: 2.5816 | Val UAR: 0.4219
Epoch 70/100 [Alpha: 0.50] | Train loss: 0.0731 | Val loss: 2.3311 | Val UAR: 0.4844
Epoch 80/100 [Alpha: 0.50] | Train loss: 0.0777 | Val loss: 2.2158 | Val UAR: 0.5312
Epoch 90/100 [Alpha: 0.50] | Train loss: 0.0665 | Val loss: 2.2683 | Val UAR: 0.5000
Epoch 100/100 [Alpha: 0.50] | Train loss: 0.0724 | Val loss: 2.4514 | Val UAR: 0.4688

============================================================
Fold 2/5
============================================================
Epoch 1/100 [Alpha: 0.00] | Train loss: 1.8688 | Val loss: 1.8135 | Val UAR: 0.3047
Epoch 10/100 [Alpha: 0.30] | Train loss: 0.2138 | Val loss: 2.5810 | Val UAR: 0.4219
Epoch 20/100 [Alpha: 0.50] | Train loss: 0.1297 | Val loss: 2.6533 | Val UAR: 0.4297
Epoch 30/100 [Alpha: 0.50] | Train loss: 0.0775 | Val loss: 3.7818 | Val UAR: 0.3516
Epoch 40/100 [Alpha: 0.50] | Train loss: 0.1241 | Val loss: 3.3182 | Val UAR: 0.3672
...
Epoch 70/100 [Alpha: 0.50] | Train loss: 0.0666 | Val loss: 1.1948 | Val UAR: 0.6641
Epoch 80/100 [Alpha: 0.50] | Train loss: 0.0555 | Val loss: 1.3359 | Val UAR: 0.6562
Epoch 90/100 [Alpha: 0.50] | Train loss: 0.0068 | Val loss: 1.2835 | Val UAR: 0.6406
Epoch 100/100 [Alpha: 0.50] | Train loss: 0.1299 | Val loss: 1.4852 | Val UAR: 0.5938
Output is truncated. View as a scrollable element or open in a text editor. Adjust cell output settings...
[I 2026-07-09 21:47:54,722] Trial 29 finished with value: 0.47981770833333337 and parameters: {'lr': 0.001429221135845819, 'batch_size': 16, 'dropout_rate': 0.20690167998981032, 'wd': 0.001628062941530195, 't_0_loop': 1}. Best is trial 17 with value: 0.5208333333333333.

============================================================
Fold 1/5
============================================================
Epoch 1/100 [Alpha: 0.00] | Train loss: 2.6897 | Val loss: 2.3518 | Val UAR: 0.1250
Epoch 10/100 [Alpha: 0.30] | Train loss: 2.5249 | Val loss: 2.5802 | Val UAR: 0.1562
Epoch 20/100 [Alpha: 0.50] | Train loss: 2.4356 | Val loss: 2.3456 | Val UAR: 0.1562
Epoch 30/100 [Alpha: 0.50] | Train loss: 2.1485 | Val loss: 2.1790 | Val UAR: 0.1953
Epoch 40/100 [Alpha: 0.50] | Train loss: 2.0951 | Val loss: 2.1181 | Val UAR: 0.2344
Epoch 50/100 [Alpha: 0.50] | Train loss: 1.9694 | Val loss: 2.0542 | Val UAR: 0.2422
Epoch 60/100 [Alpha: 0.50] | Train loss: 1.8853 | Val loss: 1.9985 | Val UAR: 0.2734
Epoch 70/100 [Alpha: 0.50] | Train loss: 1.7589 | Val loss: 1.9762 | Val UAR: 0.2812
Epoch 80/100 [Alpha: 0.50] | Train loss: 1.6698 | Val loss: 1.9521 | Val UAR: 0.2891
Epoch 90/100 [Alpha: 0.50] | Train loss: 1.5917 | Val loss: 1.9159 | Val UAR: 0.2891
Epoch 100/100 [Alpha: 0.50] | Train loss: 1.4893 | Val loss: 1.8848 | Val UAR: 0.2969

============================================================
Fold 2/5
============================================================
Epoch 1/100 [Alpha: 0.00] | Train loss: 3.4032 | Val loss: 2.3258 | Val UAR: 0.0938
Epoch 10/100 [Alpha: 0.30] | Train loss: 2.8426 | Val loss: 2.2763 | Val UAR: 0.1484
Epoch 20/100 [Alpha: 0.50] | Train loss: 2.5494 | Val loss: 2.0874 | Val UAR: 0.1875
Epoch 30/100 [Alpha: 0.50] | Train loss: 2.2955 | Val loss: 1.9803 | Val UAR: 0.2266
Epoch 40/100 [Alpha: 0.50] | Train loss: 2.1208 | Val loss: 1.9323 | Val UAR: 0.2656
Epoch 50/100 [Alpha: 0.50] | Train loss: 1.9715 | Val loss: 1.8780 | Val UAR: 0.2891
...
Epoch 70/100 [Alpha: 0.50] | Train loss: 1.6435 | Val loss: 1.6152 | Val UAR: 0.4531
Epoch 80/100 [Alpha: 0.50] | Train loss: 1.5825 | Val loss: 1.5714 | Val UAR: 0.4688
Epoch 90/100 [Alpha: 0.50] | Train loss: 1.4798 | Val loss: 1.5308 | Val UAR: 0.4922
Epoch 100/100 [Alpha: 0.50] | Train loss: 1.3658 | Val loss: 1.4774 | Val UAR: 0.4844
Output is truncated. View as a scrollable element or open in a text editor. Adjust cell output settings...
[I 2026-07-09 22:00:42,021] Trial 30 finished with value: 0.3645833333333333 and parameters: {'lr': 2.595670433054349e-05, 'batch_size': 32, 'dropout_rate': 0.2680528235430568, 'wd': 0.002751658161330431, 't_0_loop': 5}. Best is trial 17 with value: 0.5208333333333333.

============================================================
Fold 1/5
============================================================
Epoch 1/100 [Alpha: 0.00] | Train loss: 1.7968 | Val loss: 1.7495 | Val UAR: 0.3594
Epoch 10/100 [Alpha: 0.30] | Train loss: 0.3491 | Val loss: 2.0709 | Val UAR: 0.4766
Epoch 20/100 [Alpha: 0.50] | Train loss: 0.2795 | Val loss: 2.1672 | Val UAR: 0.5078
Epoch 30/100 [Alpha: 0.50] | Train loss: 0.2223 | Val loss: 2.9285 | Val UAR: 0.4766
Epoch 40/100 [Alpha: 0.50] | Train loss: 0.2697 | Val loss: 2.4408 | Val UAR: 0.4922
Epoch 50/100 [Alpha: 0.50] | Train loss: 0.2849 | Val loss: 2.3324 | Val UAR: 0.5156
Epoch 60/100 [Alpha: 0.50] | Train loss: 0.2047 | Val loss: 2.1158 | Val UAR: 0.5469
Epoch 70/100 [Alpha: 0.50] | Train loss: 0.2322 | Val loss: 2.7752 | Val UAR: 0.5469
Epoch 80/100 [Alpha: 0.50] | Train loss: 0.3124 | Val loss: 1.7107 | Val UAR: 0.6172
Epoch 90/100 [Alpha: 0.50] | Train loss: 0.1907 | Val loss: 2.2684 | Val UAR: 0.5859
Epoch 100/100 [Alpha: 0.50] | Train loss: 0.2819 | Val loss: 2.6019 | Val UAR: 0.4922

============================================================
Fold 2/5
============================================================
Epoch 1/100 [Alpha: 0.00] | Train loss: 1.7785 | Val loss: 1.7792 | Val UAR: 0.3047
Epoch 10/100 [Alpha: 0.30] | Train loss: 0.4092 | Val loss: 2.5840 | Val UAR: 0.3984
Epoch 20/100 [Alpha: 0.50] | Train loss: 0.3046 | Val loss: 2.2140 | Val UAR: 0.4766
Epoch 30/100 [Alpha: 0.50] | Train loss: 0.2226 | Val loss: 2.5839 | Val UAR: 0.4688
Epoch 40/100 [Alpha: 0.50] | Train loss: 0.2092 | Val loss: 4.1874 | Val UAR: 0.3672
Epoch 50/100 [Alpha: 0.50] | Train loss: 0.2820 | Val loss: 2.5240 | Val UAR: 0.3828
...
Epoch 60/100 [Alpha: 0.50] | Train loss: 0.1848 | Val loss: 2.8013 | Val UAR: 0.6016
Epoch 70/100 [Alpha: 0.50] | Train loss: 0.2093 | Val loss: 2.9985 | Val UAR: 0.5703
Epoch 80/100 [Alpha: 0.50] | Train loss: 0.2405 | Val loss: 2.2425 | Val UAR: 0.6484
Epoch 90/100 [Alpha: 0.50] | Train loss: 0.3054 | Val loss: 2.0937 | Val UAR: 0.6172
Output is truncated. View as a scrollable element or open in a text editor. Adjust cell output settings...
[I 2026-07-09 22:12:43,724] Trial 31 finished with value: 0.490234375 and parameters: {'lr': 0.016369820439314342, 'batch_size': 32, 'dropout_rate': 0.3555726720888478, 'wd': 0.0007663067898403874, 't_0_loop': 3}. Best is trial 17 with value: 0.5208333333333333.
Epoch 100/100 [Alpha: 0.50] | Train loss: 0.1789 | Val loss: 2.6082 | Val UAR: 0.5703

============================================================
Fold 1/5
============================================================
Epoch 1/100 [Alpha: 0.00] | Train loss: 1.9562 | Val loss: 2.0060 | Val UAR: 0.2891
Epoch 10/100 [Alpha: 0.30] | Train loss: 0.5029 | Val loss: 2.2817 | Val UAR: 0.4453
Epoch 20/100 [Alpha: 0.50] | Train loss: 0.5432 | Val loss: 2.6909 | Val UAR: 0.4844
Epoch 30/100 [Alpha: 0.50] | Train loss: 0.2564 | Val loss: 2.7887 | Val UAR: 0.4375
Epoch 40/100 [Alpha: 0.50] | Train loss: 0.3284 | Val loss: 2.6271 | Val UAR: 0.5156
Epoch 50/100 [Alpha: 0.50] | Train loss: 0.3461 | Val loss: 4.2524 | Val UAR: 0.3984
Epoch 60/100 [Alpha: 0.50] | Train loss: 0.4590 | Val loss: 2.2679 | Val UAR: 0.4609
Epoch 70/100 [Alpha: 0.50] | Train loss: 0.2588 | Val loss: 2.7374 | Val UAR: 0.4922
Epoch 80/100 [Alpha: 0.50] | Train loss: 0.3928 | Val loss: 3.6993 | Val UAR: 0.5156
Epoch 90/100 [Alpha: 0.50] | Train loss: 0.3468 | Val loss: 4.0393 | Val UAR: 0.4297
Epoch 100/100 [Alpha: 0.50] | Train loss: 0.2767 | Val loss: 3.1298 | Val UAR: 0.5000

============================================================
Fold 2/5
============================================================
Epoch 1/100 [Alpha: 0.00] | Train loss: 2.0178 | Val loss: 1.7178 | Val UAR: 0.3047
Epoch 10/100 [Alpha: 0.30] | Train loss: 0.4455 | Val loss: 2.9492 | Val UAR: 0.3516
Epoch 20/100 [Alpha: 0.50] | Train loss: 0.5280 | Val loss: 2.7117 | Val UAR: 0.4297
Epoch 30/100 [Alpha: 0.50] | Train loss: 0.3218 | Val loss: 2.3016 | Val UAR: 0.4375
Epoch 40/100 [Alpha: 0.50] | Train loss: 0.2238 | Val loss: 4.1795 | Val UAR: 0.3203
...
Epoch 30/100 [Alpha: 0.50] | Train loss: 0.3182 | Val loss: 4.0686 | Val UAR: 0.3984
Epoch 40/100 [Alpha: 0.50] | Train loss: 0.3059 | Val loss: 5.2457 | Val UAR: 0.4141
Epoch 50/100 [Alpha: 0.50] | Train loss: 0.3760 | Val loss: 3.7776 | Val UAR: 0.4609
Epoch 60/100 [Alpha: 0.50] | Train loss: 0.2723 | Val loss: 3.0569 | Val UAR: 0.4766
Output is truncated. View as a scrollable element or open in a text editor. Adjust cell output settings...
[W 2026-07-09 22:19:16,232] Trial 32 failed with parameters: {'lr': 0.02997866427709767, 'batch_size': 32, 'dropout_rate': 0.41264163239446155, 'wd': 0.00017105833835642738, 't_0_loop': 3} because of the following error: KeyboardInterrupt().
Traceback (most recent call last):
  File "d:\Speech_Processing\ResLSTM-SER\.venv\Lib\site-packages\optuna\study\_optimize.py", line 206, in _run_trial
    value_or_values = func(trial)
                      ^^^^^^^^^^^
  File "C:\Users\TruongPc\AppData\Local\Temp\ipykernel_12864\3620809322.py", line 39, in objective
    oof_preds, oof_targets = k_fold_cv(
                             ^^^^^^^^^^
  File "C:\Users\TruongPc\AppData\Local\Temp\ipykernel_12864\3986832642.py", line 53, in k_fold_cv
    training_loop(model, loss_fn_ce, loss_fn_triplet, miner, alpha, optimizer, lr_scheduler,
  File "C:\Users\TruongPc\AppData\Local\Temp\ipykernel_12864\3452061630.py", line 42, in training_loop
    scaler.scale(loss).backward()
  File "d:\Speech_Processing\ResLSTM-SER\.venv\Lib\site-packages\torch\_tensor.py", line 581, in backward
    torch.autograd.backward(
  File "d:\Speech_Processing\ResLSTM-SER\.venv\Lib\site-packages\torch\autograd\__init__.py", line 347, in backward
    _engine_run_backward(
  File "d:\Speech_Processing\ResLSTM-SER\.venv\Lib\site-packages\torch\autograd\graph.py", line 825, in _engine_run_backward
    return Variable._execution_engine.run_backward(  # Calls into the C++ engine to run the backward pass
           ^^^^^^^^^^^^^^^^^^^^^^^^^^^^^^^^^^^^^^^^^^^^^^^^^^^^^^^^^^^^^^^^^^^^^^^^^^^^^^^^^^^^^^^^^^^^^^
KeyboardInterrupt
[W 2026-07-09 22:19:16,233] Trial 32 failed with value None.
Epoch 70/100 [Alpha: 0.50] | Train loss: 0.2501 | Val loss: 3.8145 | Val UAR: 0.4688

Quá trình tối ưu hóa đã được người dùng dừng lại ngang chừng.

Best hyperparameters:
  lr: 0.00928142592720432
  batch_size: 32
  dropout_rate: 0.296698201872444
  wd: 0.0009895750886519433
  t_0_loop: 3
  Best UAR: 0.5208