[I 2026-07-09 17:16:26,719] A new study created in RDB with name: ResLSTM_SA_H64_Triplet_tuning_v2
Starting Optuna optimization with 50 trials...

============================================================
Fold 1/5
============================================================
Epoch 1/100 [Alpha: 0.00] | Train loss: 2.9334 | Val loss: 2.1702 | Val UAR: 0.1250
Epoch 10/100 [Alpha: 0.30] | Train loss: 2.8843 | Val loss: 2.7300 | Val UAR: 0.1406
Epoch 20/100 [Alpha: 0.50] | Train loss: 2.8180 | Val loss: 2.5651 | Val UAR: 0.1484
Epoch 30/100 [Alpha: 0.50] | Train loss: 2.5842 | Val loss: 2.4484 | Val UAR: 0.1484
Epoch 40/100 [Alpha: 0.50] | Train loss: 2.5069 | Val loss: 2.3457 | Val UAR: 0.1641
Epoch 50/100 [Alpha: 0.50] | Train loss: 2.4698 | Val loss: 2.2712 | Val UAR: 0.1797
Epoch 60/100 [Alpha: 0.50] | Train loss: 2.3630 | Val loss: 2.2048 | Val UAR: 0.2109
Epoch 70/100 [Alpha: 0.50] | Train loss: 2.2560 | Val loss: 2.1554 | Val UAR: 0.2188
Epoch 80/100 [Alpha: 0.50] | Train loss: 2.1367 | Val loss: 2.1161 | Val UAR: 0.2422
Epoch 90/100 [Alpha: 0.50] | Train loss: 2.0766 | Val loss: 2.0683 | Val UAR: 0.2188
Epoch 100/100 [Alpha: 0.50] | Train loss: 2.0720 | Val loss: 2.0393 | Val UAR: 0.2500

============================================================
Fold 2/5
============================================================
Epoch 1/100 [Alpha: 0.00] | Train loss: 3.5065 | Val loss: 2.1533 | Val UAR: 0.0938
Epoch 10/100 [Alpha: 0.30] | Train loss: 3.3227 | Val loss: 2.4821 | Val UAR: 0.1172
Epoch 20/100 [Alpha: 0.50] | Train loss: 3.0759 | Val loss: 2.2996 | Val UAR: 0.1562
Epoch 30/100 [Alpha: 0.50] | Train loss: 2.8528 | Val loss: 2.1509 | Val UAR: 0.1875
Epoch 40/100 [Alpha: 0.50] | Train loss: 2.6689 | Val loss: 2.1011 | Val UAR: 0.1875
...
Epoch 60/100 [Alpha: 0.50] | Train loss: 2.2883 | Val loss: 1.9415 | Val UAR: 0.3281
Epoch 70/100 [Alpha: 0.50] | Train loss: 2.2595 | Val loss: 1.8827 | Val UAR: 0.3438
Epoch 80/100 [Alpha: 0.50] | Train loss: 2.1442 | Val loss: 1.8266 | Val UAR: 0.3516
Epoch 90/100 [Alpha: 0.50] | Train loss: 2.0016 | Val loss: 1.7986 | Val UAR: 0.3594
Output is truncated. View as a scrollable element or open in a text editor. Adjust cell output settings...
[I 2026-07-09 17:20:25,366] Trial 0 finished with value: 0.28971354166666663 and parameters: {'lr': 1.4857107438993715e-05, 'batch_size': 64, 'dropout_rate': 0.42288091828580604, 'wd': 0.0022463888856372864, 't_0_loop': 1}. Best is trial 0 with value: 0.28971354166666663.
Epoch 100/100 [Alpha: 0.50] | Train loss: 2.0255 | Val loss: 1.7231 | Val UAR: 0.3906

============================================================
Fold 1/5
============================================================
Epoch 1/100 [Alpha: 0.00] | Train loss: 2.2254 | Val loss: 2.0296 | Val UAR: 0.1719
Epoch 10/100 [Alpha: 0.30] | Train loss: 1.0895 | Val loss: 1.7295 | Val UAR: 0.3516
Epoch 20/100 [Alpha: 0.50] | Train loss: 0.5578 | Val loss: 1.8166 | Val UAR: 0.3594
Epoch 30/100 [Alpha: 0.50] | Train loss: 0.3396 | Val loss: 1.8462 | Val UAR: 0.4141
Epoch 40/100 [Alpha: 0.50] | Train loss: 0.2852 | Val loss: 1.8096 | Val UAR: 0.4609
Epoch 50/100 [Alpha: 0.50] | Train loss: 0.2431 | Val loss: 1.9758 | Val UAR: 0.3984
Epoch 60/100 [Alpha: 0.50] | Train loss: 0.1964 | Val loss: 1.8201 | Val UAR: 0.4219
Epoch 70/100 [Alpha: 0.50] | Train loss: 0.2337 | Val loss: 1.8352 | Val UAR: 0.4141
Epoch 80/100 [Alpha: 0.50] | Train loss: 0.2065 | Val loss: 1.7800 | Val UAR: 0.4219
Epoch 90/100 [Alpha: 0.50] | Train loss: 0.2175 | Val loss: 1.8128 | Val UAR: 0.4062
Epoch 100/100 [Alpha: 0.50] | Train loss: 0.1913 | Val loss: 1.7678 | Val UAR: 0.4219

============================================================
Fold 2/5
============================================================
Epoch 1/100 [Alpha: 0.00] | Train loss: 2.5932 | Val loss: 1.9776 | Val UAR: 0.2109
Epoch 10/100 [Alpha: 0.30] | Train loss: 1.0619 | Val loss: 1.7377 | Val UAR: 0.4219
Epoch 20/100 [Alpha: 0.50] | Train loss: 0.5462 | Val loss: 1.9325 | Val UAR: 0.4297
Epoch 30/100 [Alpha: 0.50] | Train loss: 0.3035 | Val loss: 2.2725 | Val UAR: 0.3906
Epoch 40/100 [Alpha: 0.50] | Train loss: 0.2561 | Val loss: 2.2061 | Val UAR: 0.3906
...
Epoch 60/100 [Alpha: 0.50] | Train loss: 0.2307 | Val loss: 1.6399 | Val UAR: 0.5000
Epoch 70/100 [Alpha: 0.50] | Train loss: 0.2043 | Val loss: 1.6869 | Val UAR: 0.5156
Epoch 80/100 [Alpha: 0.50] | Train loss: 0.2077 | Val loss: 1.6180 | Val UAR: 0.5156
Epoch 90/100 [Alpha: 0.50] | Train loss: 0.2038 | Val loss: 1.6925 | Val UAR: 0.5000
Output is truncated. View as a scrollable element or open in a text editor. Adjust cell output settings...
[I 2026-07-09 17:28:01,012] Trial 1 finished with value: 0.40690104166666674 and parameters: {'lr': 0.000372490325099339, 'batch_size': 32, 'dropout_rate': 0.1378739211446848, 'wd': 0.03386989476905076, 't_0_loop': 2}. Best is trial 1 with value: 0.40690104166666674.
Epoch 100/100 [Alpha: 0.50] | Train loss: 0.1837 | Val loss: 1.5601 | Val UAR: 0.5312

============================================================
Fold 1/5
============================================================
Epoch 1/100 [Alpha: 0.00] | Train loss: 1.8158 | Val loss: 1.8440 | Val UAR: 0.2578
Epoch 10/100 [Alpha: 0.30] | Train loss: 0.1546 | Val loss: 2.1105 | Val UAR: 0.4922
Epoch 20/100 [Alpha: 0.50] | Train loss: 0.2061 | Val loss: 3.2570 | Val UAR: 0.4375
Epoch 30/100 [Alpha: 0.50] | Train loss: 0.1528 | Val loss: 3.1004 | Val UAR: 0.4688
Epoch 40/100 [Alpha: 0.50] | Train loss: 0.1569 | Val loss: 3.2202 | Val UAR: 0.4766
Epoch 50/100 [Alpha: 0.50] | Train loss: 0.1966 | Val loss: 3.0239 | Val UAR: 0.4219
Epoch 60/100 [Alpha: 0.50] | Train loss: 0.1669 | Val loss: 3.0070 | Val UAR: 0.4609
Epoch 70/100 [Alpha: 0.50] | Train loss: 0.1632 | Val loss: 2.8389 | Val UAR: 0.4844
Epoch 80/100 [Alpha: 0.50] | Train loss: 0.1907 | Val loss: 4.5505 | Val UAR: 0.4922
Epoch 90/100 [Alpha: 0.50] | Train loss: 0.1820 | Val loss: 2.9915 | Val UAR: 0.5156
Epoch 100/100 [Alpha: 0.50] | Train loss: 0.1842 | Val loss: 3.3499 | Val UAR: 0.5547

============================================================
Fold 2/5
============================================================
Epoch 1/100 [Alpha: 0.00] | Train loss: 1.7704 | Val loss: 1.6561 | Val UAR: 0.3750
Epoch 10/100 [Alpha: 0.30] | Train loss: 0.1754 | Val loss: 3.7872 | Val UAR: 0.3906
Epoch 20/100 [Alpha: 0.50] | Train loss: 0.2132 | Val loss: 3.6401 | Val UAR: 0.4297
Epoch 30/100 [Alpha: 0.50] | Train loss: 0.1678 | Val loss: 3.4676 | Val UAR: 0.5078
Epoch 40/100 [Alpha: 0.50] | Train loss: 0.1783 | Val loss: 3.2283 | Val UAR: 0.4297
...
Epoch 60/100 [Alpha: 0.50] | Train loss: 0.2413 | Val loss: 2.6337 | Val UAR: 0.5703
Epoch 70/100 [Alpha: 0.50] | Train loss: 0.1546 | Val loss: 3.5594 | Val UAR: 0.5312
Epoch 80/100 [Alpha: 0.50] | Train loss: 0.1881 | Val loss: 2.8371 | Val UAR: 0.6172
Epoch 90/100 [Alpha: 0.50] | Train loss: 0.1703 | Val loss: 2.9466 | Val UAR: 0.5859
Output is truncated. View as a scrollable element or open in a text editor. Adjust cell output settings...
[I 2026-07-09 17:32:00,345] Trial 2 finished with value: 0.49934895833333337 and parameters: {'lr': 0.02000884105037936, 'batch_size': 64, 'dropout_rate': 0.12538392448580207, 'wd': 2.49903797319822e-05, 't_0_loop': 3}. Best is trial 2 with value: 0.49934895833333337.
Epoch 100/100 [Alpha: 0.50] | Train loss: 0.2400 | Val loss: 2.5645 | Val UAR: 0.6250

============================================================
Fold 1/5
============================================================
Epoch 1/100 [Alpha: 0.00] | Train loss: 2.5757 | Val loss: 2.1171 | Val UAR: 0.1250
Epoch 10/100 [Alpha: 0.30] | Train loss: 1.8904 | Val loss: 2.0534 | Val UAR: 0.2578
Epoch 20/100 [Alpha: 0.50] | Train loss: 1.5309 | Val loss: 1.8977 | Val UAR: 0.2578
Epoch 30/100 [Alpha: 0.50] | Train loss: 1.1020 | Val loss: 1.8487 | Val UAR: 0.2891
Epoch 40/100 [Alpha: 0.50] | Train loss: 0.8388 | Val loss: 1.8825 | Val UAR: 0.3125
Epoch 50/100 [Alpha: 0.50] | Train loss: 0.5982 | Val loss: 1.9232 | Val UAR: 0.3359
Epoch 60/100 [Alpha: 0.50] | Train loss: 0.4632 | Val loss: 2.0087 | Val UAR: 0.3359
Epoch 70/100 [Alpha: 0.50] | Train loss: 0.3319 | Val loss: 2.1617 | Val UAR: 0.3516
Epoch 80/100 [Alpha: 0.50] | Train loss: 0.2427 | Val loss: 2.2678 | Val UAR: 0.3438
Epoch 90/100 [Alpha: 0.50] | Train loss: 0.2060 | Val loss: 2.4048 | Val UAR: 0.3438
Epoch 100/100 [Alpha: 0.50] | Train loss: 0.1737 | Val loss: 2.5293 | Val UAR: 0.3438

============================================================
Fold 2/5
============================================================
Epoch 1/100 [Alpha: 0.00] | Train loss: 3.1201 | Val loss: 2.0879 | Val UAR: 0.1328
Epoch 10/100 [Alpha: 0.30] | Train loss: 1.8999 | Val loss: 1.9225 | Val UAR: 0.2812
Epoch 20/100 [Alpha: 0.50] | Train loss: 1.5366 | Val loss: 1.7769 | Val UAR: 0.3984
Epoch 30/100 [Alpha: 0.50] | Train loss: 1.1128 | Val loss: 1.7049 | Val UAR: 0.4453
Epoch 40/100 [Alpha: 0.50] | Train loss: 0.8891 | Val loss: 1.7830 | Val UAR: 0.4375
...
Epoch 60/100 [Alpha: 0.50] | Train loss: 0.4356 | Val loss: 1.6812 | Val UAR: 0.4688
Epoch 70/100 [Alpha: 0.50] | Train loss: 0.3529 | Val loss: 1.8732 | Val UAR: 0.4766
Epoch 80/100 [Alpha: 0.50] | Train loss: 0.2327 | Val loss: 1.8417 | Val UAR: 0.4844
Epoch 90/100 [Alpha: 0.50] | Train loss: 0.1927 | Val loss: 1.9692 | Val UAR: 0.5000
Output is truncated. View as a scrollable element or open in a text editor. Adjust cell output settings...
[I 2026-07-09 17:35:58,218] Trial 3 finished with value: 0.38541666666666674 and parameters: {'lr': 0.000171698788465759, 'batch_size': 64, 'dropout_rate': 0.22722405919835484, 'wd': 5.100418866010408e-05, 't_0_loop': 3}. Best is trial 2 with value: 0.49934895833333337.
Epoch 100/100 [Alpha: 0.50] | Train loss: 0.1700 | Val loss: 2.0688 | Val UAR: 0.4922

============================================================
Fold 1/5
============================================================
Epoch 1/100 [Alpha: 0.00] | Train loss: 2.2440 | Val loss: 1.9509 | Val UAR: 0.1562
Epoch 10/100 [Alpha: 0.30] | Train loss: 0.6867 | Val loss: 1.7289 | Val UAR: 0.3672
Epoch 20/100 [Alpha: 0.50] | Train loss: 0.1979 | Val loss: 2.3570 | Val UAR: 0.3672
Epoch 30/100 [Alpha: 0.50] | Train loss: 0.1610 | Val loss: 2.6219 | Val UAR: 0.3594
Epoch 40/100 [Alpha: 0.50] | Train loss: 0.1855 | Val loss: 2.7616 | Val UAR: 0.3594
Epoch 50/100 [Alpha: 0.50] | Train loss: 0.1790 | Val loss: 2.8865 | Val UAR: 0.3828
Epoch 60/100 [Alpha: 0.50] | Train loss: 0.1320 | Val loss: 3.0617 | Val UAR: 0.3828
Epoch 70/100 [Alpha: 0.50] | Train loss: 0.0473 | Val loss: 3.1320 | Val UAR: 0.3984
Epoch 80/100 [Alpha: 0.50] | Train loss: 0.0681 | Val loss: 3.1215 | Val UAR: 0.4062
Epoch 90/100 [Alpha: 0.50] | Train loss: 0.0961 | Val loss: 2.8510 | Val UAR: 0.4141
Epoch 100/100 [Alpha: 0.50] | Train loss: 0.0707 | Val loss: 3.1764 | Val UAR: 0.4141

============================================================
Fold 2/5
============================================================
Epoch 1/100 [Alpha: 0.00] | Train loss: 2.5012 | Val loss: 1.9437 | Val UAR: 0.2422
Epoch 10/100 [Alpha: 0.30] | Train loss: 0.6535 | Val loss: 1.8493 | Val UAR: 0.3828
Epoch 20/100 [Alpha: 0.50] | Train loss: 0.2096 | Val loss: 2.3589 | Val UAR: 0.4141
Epoch 30/100 [Alpha: 0.50] | Train loss: 0.1387 | Val loss: 2.6628 | Val UAR: 0.4062
Epoch 40/100 [Alpha: 0.50] | Train loss: 0.1753 | Val loss: 3.0050 | Val UAR: 0.3750
...
Epoch 60/100 [Alpha: 0.50] | Train loss: 0.1213 | Val loss: 2.1905 | Val UAR: 0.5156
Epoch 70/100 [Alpha: 0.50] | Train loss: 0.0984 | Val loss: 2.5059 | Val UAR: 0.5156
Epoch 80/100 [Alpha: 0.50] | Train loss: 0.0737 | Val loss: 2.9086 | Val UAR: 0.5312
Epoch 90/100 [Alpha: 0.50] | Train loss: 0.0770 | Val loss: 2.5897 | Val UAR: 0.5625
Output is truncated. View as a scrollable element or open in a text editor. Adjust cell output settings...
[I 2026-07-09 17:39:52,471] Trial 4 finished with value: 0.4375 and parameters: {'lr': 0.001110144337872353, 'batch_size': 64, 'dropout_rate': 0.2460109143424258, 'wd': 2.782689697425941e-05, 't_0_loop': 3}. Best is trial 2 with value: 0.49934895833333337.
Epoch 100/100 [Alpha: 0.50] | Train loss: 0.0720 | Val loss: 2.3002 | Val UAR: 0.5859

============================================================
Fold 1/5
============================================================
Epoch 1/100 [Alpha: 0.00] | Train loss: 1.8475 | Val loss: 1.8649 | Val UAR: 0.2578
Epoch 10/100 [Alpha: 0.30] | Train loss: 0.4020 | Val loss: 1.5491 | Val UAR: 0.4609
Epoch 20/100 [Alpha: 0.50] | Train loss: 0.4132 | Val loss: 1.5930 | Val UAR: 0.4609
Epoch 30/100 [Alpha: 0.50] | Train loss: 0.3956 | Val loss: 1.8840 | Val UAR: 0.4062
Epoch 40/100 [Alpha: 0.50] | Train loss: 0.3486 | Val loss: 1.8606 | Val UAR: 0.3906
Epoch 50/100 [Alpha: 0.50] | Train loss: 0.3918 | Val loss: 1.6819 | Val UAR: 0.4922
Epoch 60/100 [Alpha: 0.50] | Train loss: 0.3055 | Val loss: 1.7401 | Val UAR: 0.4766
Epoch 70/100 [Alpha: 0.50] | Train loss: 0.3212 | Val loss: 1.8402 | Val UAR: 0.4219
Epoch 80/100 [Alpha: 0.50] | Train loss: 0.3513 | Val loss: 1.7500 | Val UAR: 0.4453
Epoch 90/100 [Alpha: 0.50] | Train loss: 0.3164 | Val loss: 1.9377 | Val UAR: 0.4453
Epoch 100/100 [Alpha: 0.50] | Train loss: 0.3171 | Val loss: 1.6202 | Val UAR: 0.5078

============================================================
Fold 2/5
============================================================
Epoch 1/100 [Alpha: 0.00] | Train loss: 1.8803 | Val loss: 1.8197 | Val UAR: 0.3125
Epoch 10/100 [Alpha: 0.30] | Train loss: 0.4523 | Val loss: 1.7245 | Val UAR: 0.4141
Epoch 20/100 [Alpha: 0.50] | Train loss: 0.4075 | Val loss: 1.9825 | Val UAR: 0.4375
Epoch 30/100 [Alpha: 0.50] | Train loss: 0.3611 | Val loss: 2.8048 | Val UAR: 0.3281
Epoch 40/100 [Alpha: 0.50] | Train loss: 0.3268 | Val loss: 2.5490 | Val UAR: 0.3750
...
Epoch 60/100 [Alpha: 0.50] | Train loss: 0.3280 | Val loss: 1.3669 | Val UAR: 0.5781
Epoch 70/100 [Alpha: 0.50] | Train loss: 0.3387 | Val loss: 1.5027 | Val UAR: 0.5391
Epoch 80/100 [Alpha: 0.50] | Train loss: 0.3370 | Val loss: 1.4564 | Val UAR: 0.5469
Epoch 90/100 [Alpha: 0.50] | Train loss: 0.3356 | Val loss: 1.4264 | Val UAR: 0.5938
Output is truncated. View as a scrollable element or open in a text editor. Adjust cell output settings...
[I 2026-07-09 17:43:50,195] Trial 5 finished with value: 0.46158854166666663 and parameters: {'lr': 0.00504647276356501, 'batch_size': 64, 'dropout_rate': 0.15981527903080833, 'wd': 0.016768244757971427, 't_0_loop': 1}. Best is trial 2 with value: 0.49934895833333337.
Epoch 100/100 [Alpha: 0.50] | Train loss: 0.3488 | Val loss: 1.2441 | Val UAR: 0.5625

============================================================
Fold 1/5
============================================================
Epoch 1/100 [Alpha: 0.00] | Train loss: 2.4856 | Val loss: 2.1552 | Val UAR: 0.1797
Epoch 10/100 [Alpha: 0.30] | Train loss: 0.7921 | Val loss: 1.7870 | Val UAR: 0.4141
Epoch 20/100 [Alpha: 0.50] | Train loss: 0.2810 | Val loss: 2.4329 | Val UAR: 0.3594
Epoch 30/100 [Alpha: 0.50] | Train loss: 0.1876 | Val loss: 2.5861 | Val UAR: 0.3828
Epoch 40/100 [Alpha: 0.50] | Train loss: 0.0272 | Val loss: 2.6257 | Val UAR: 0.3984
Epoch 50/100 [Alpha: 0.50] | Train loss: 0.0118 | Val loss: 2.7707 | Val UAR: 0.3828
Epoch 60/100 [Alpha: 0.50] | Train loss: 0.0886 | Val loss: 2.6523 | Val UAR: 0.4531
Epoch 70/100 [Alpha: 0.50] | Train loss: 0.0759 | Val loss: 2.7231 | Val UAR: 0.4297
Epoch 80/100 [Alpha: 0.50] | Train loss: 0.0583 | Val loss: 2.6080 | Val UAR: 0.4062
Epoch 90/100 [Alpha: 0.50] | Train loss: 0.0376 | Val loss: 2.3664 | Val UAR: 0.4609
Epoch 100/100 [Alpha: 0.50] | Train loss: 0.0109 | Val loss: 2.5065 | Val UAR: 0.4375

============================================================
Fold 2/5
============================================================
Epoch 1/100 [Alpha: 0.00] | Train loss: 2.7949 | Val loss: 1.9698 | Val UAR: 0.2109
Epoch 10/100 [Alpha: 0.30] | Train loss: 0.6933 | Val loss: 1.6584 | Val UAR: 0.4219
Epoch 20/100 [Alpha: 0.50] | Train loss: 0.2589 | Val loss: 2.3627 | Val UAR: 0.3828
Epoch 30/100 [Alpha: 0.50] | Train loss: 0.1290 | Val loss: 2.6786 | Val UAR: 0.3672
Epoch 40/100 [Alpha: 0.50] | Train loss: 0.1212 | Val loss: 3.0229 | Val UAR: 0.3359
...
Epoch 60/100 [Alpha: 0.50] | Train loss: 0.0455 | Val loss: 1.8784 | Val UAR: 0.5781
Epoch 70/100 [Alpha: 0.50] | Train loss: 0.0761 | Val loss: 1.9171 | Val UAR: 0.5781
Epoch 80/100 [Alpha: 0.50] | Train loss: 0.0519 | Val loss: 1.7665 | Val UAR: 0.6172
Epoch 90/100 [Alpha: 0.50] | Train loss: 0.0100 | Val loss: 1.7577 | Val UAR: 0.6250
Output is truncated. View as a scrollable element or open in a text editor. Adjust cell output settings...
[I 2026-07-09 17:54:29,134] Trial 6 finished with value: 0.4381510416666667 and parameters: {'lr': 0.00040127416846138093, 'batch_size': 16, 'dropout_rate': 0.43304113692684654, 'wd': 0.002719591253877462, 't_0_loop': 1}. Best is trial 2 with value: 0.49934895833333337.
Epoch 100/100 [Alpha: 0.50] | Train loss: 0.1135 | Val loss: 1.8641 | Val UAR: 0.5859

============================================================
Fold 1/5
============================================================
Epoch 1/100 [Alpha: 0.00] | Train loss: 2.0902 | Val loss: 1.6809 | Val UAR: 0.3828
Epoch 10/100 [Alpha: 0.30] | Train loss: 0.5506 | Val loss: 1.8744 | Val UAR: 0.4922
Epoch 20/100 [Alpha: 0.50] | Train loss: 0.5254 | Val loss: 1.2406 | Val UAR: 0.6250
Epoch 30/100 [Alpha: 0.50] | Train loss: 0.3374 | Val loss: 1.2972 | Val UAR: 0.5938
Epoch 40/100 [Alpha: 0.50] | Train loss: 0.3471 | Val loss: 3.4486 | Val UAR: 0.4609
Epoch 50/100 [Alpha: 0.50] | Train loss: 0.4531 | Val loss: 1.8428 | Val UAR: 0.5078
Epoch 60/100 [Alpha: 0.50] | Train loss: 0.2631 | Val loss: 1.5852 | Val UAR: 0.5859
Epoch 70/100 [Alpha: 0.50] | Train loss: 0.2919 | Val loss: 1.9513 | Val UAR: 0.5000
Epoch 80/100 [Alpha: 0.50] | Train loss: 0.3480 | Val loss: 1.5860 | Val UAR: 0.5703
Epoch 90/100 [Alpha: 0.50] | Train loss: 0.2780 | Val loss: 1.6488 | Val UAR: 0.5547
Epoch 100/100 [Alpha: 0.50] | Train loss: 0.3218 | Val loss: 2.0405 | Val UAR: 0.5000

============================================================
Fold 2/5
============================================================
Epoch 1/100 [Alpha: 0.00] | Train loss: 1.8841 | Val loss: 1.8174 | Val UAR: 0.3359
Epoch 10/100 [Alpha: 0.30] | Train loss: 0.5403 | Val loss: 2.4992 | Val UAR: 0.3594
Epoch 20/100 [Alpha: 0.50] | Train loss: 0.5119 | Val loss: 2.7548 | Val UAR: 0.3438
Epoch 30/100 [Alpha: 0.50] | Train loss: 0.3040 | Val loss: 2.0366 | Val UAR: 0.4609
Epoch 40/100 [Alpha: 0.50] | Train loss: 0.3860 | Val loss: 2.5657 | Val UAR: 0.4219
...
Epoch 60/100 [Alpha: 0.50] | Train loss: 0.2982 | Val loss: 1.4089 | Val UAR: 0.6172
Epoch 70/100 [Alpha: 0.50] | Train loss: 0.4334 | Val loss: 1.1798 | Val UAR: 0.6250
Epoch 80/100 [Alpha: 0.50] | Train loss: 0.3907 | Val loss: 1.4349 | Val UAR: 0.5938
Epoch 90/100 [Alpha: 0.50] | Train loss: 0.2556 | Val loss: 1.4723 | Val UAR: 0.5703
Output is truncated. View as a scrollable element or open in a text editor. Adjust cell output settings...
[I 2026-07-09 18:01:00,738] Trial 7 finished with value: 0.4772135416666667 and parameters: {'lr': 0.010472001864797133, 'batch_size': 32, 'dropout_rate': 0.4681615403232287, 'wd': 0.005758078401210564, 't_0_loop': 3}. Best is trial 2 with value: 0.49934895833333337.
Epoch 100/100 [Alpha: 0.50] | Train loss: 0.3884 | Val loss: 1.5819 | Val UAR: 0.5625

============================================================
Fold 1/5
============================================================
Epoch 1/100 [Alpha: 0.00] | Train loss: 2.1141 | Val loss: 1.7360 | Val UAR: 0.2969
Epoch 10/100 [Alpha: 0.30] | Train loss: 0.3698 | Val loss: 1.4596 | Val UAR: 0.5078
Epoch 20/100 [Alpha: 0.50] | Train loss: 0.2748 | Val loss: 1.6859 | Val UAR: 0.4609
Epoch 30/100 [Alpha: 0.50] | Train loss: 0.2131 | Val loss: 1.7908 | Val UAR: 0.4531
Epoch 40/100 [Alpha: 0.50] | Train loss: 0.1413 | Val loss: 1.9228 | Val UAR: 0.4297
Epoch 50/100 [Alpha: 0.50] | Train loss: 0.1644 | Val loss: 1.6990 | Val UAR: 0.4688
Epoch 60/100 [Alpha: 0.50] | Train loss: 0.1223 | Val loss: 1.9205 | Val UAR: 0.4609
Epoch 70/100 [Alpha: 0.50] | Train loss: 0.0929 | Val loss: 2.6465 | Val UAR: 0.3672
Epoch 80/100 [Alpha: 0.50] | Train loss: 0.1024 | Val loss: 2.0955 | Val UAR: 0.3750
Epoch 90/100 [Alpha: 0.50] | Train loss: 0.0929 | Val loss: 1.8532 | Val UAR: 0.3984
Epoch 100/100 [Alpha: 0.50] | Train loss: 0.1392 | Val loss: 1.9134 | Val UAR: 0.4297

============================================================
Fold 2/5
============================================================
Epoch 1/100 [Alpha: 0.00] | Train loss: 1.9829 | Val loss: 1.8373 | Val UAR: 0.3203
Epoch 10/100 [Alpha: 0.30] | Train loss: 0.3851 | Val loss: 2.1523 | Val UAR: 0.4141
Epoch 20/100 [Alpha: 0.50] | Train loss: 0.2533 | Val loss: 2.2005 | Val UAR: 0.3984
Epoch 30/100 [Alpha: 0.50] | Train loss: 0.1979 | Val loss: 2.1133 | Val UAR: 0.4062
Epoch 40/100 [Alpha: 0.50] | Train loss: 0.1589 | Val loss: 2.1349 | Val UAR: 0.4453
...
Epoch 60/100 [Alpha: 0.50] | Train loss: 0.1783 | Val loss: 1.1928 | Val UAR: 0.6641
Epoch 70/100 [Alpha: 0.50] | Train loss: 0.1545 | Val loss: 1.0855 | Val UAR: 0.6641
Epoch 80/100 [Alpha: 0.50] | Train loss: 0.1650 | Val loss: 1.2554 | Val UAR: 0.5781
Epoch 90/100 [Alpha: 0.50] | Train loss: 0.1245 | Val loss: 1.1743 | Val UAR: 0.6406
Output is truncated. View as a scrollable element or open in a text editor. Adjust cell output settings...
