[I 2026-07-09 18:07:30,464] Trial 8 finished with value: 0.47526041666666663 and parameters: {'lr': 0.004776191067537241, 'batch_size': 32, 'dropout_rate': 0.45634622156678756, 'wd': 0.013585841021329126, 't_0_loop': 10}. Best is trial 2 with value: 0.49934895833333337.
Epoch 100/100 [Alpha: 0.50] | Train loss: 0.1576 | Val loss: 1.2496 | Val UAR: 0.6094

============================================================
Fold 1/5
============================================================
Epoch 1/100 [Alpha: 0.00] | Train loss: 2.3014 | Val loss: 2.0241 | Val UAR: 0.1953
Epoch 10/100 [Alpha: 0.30] | Train loss: 0.9966 | Val loss: 1.8068 | Val UAR: 0.3359
Epoch 20/100 [Alpha: 0.50] | Train loss: 0.3634 | Val loss: 2.0667 | Val UAR: 0.3359
Epoch 30/100 [Alpha: 0.50] | Train loss: 0.2049 | Val loss: 2.2904 | Val UAR: 0.3828
Epoch 40/100 [Alpha: 0.50] | Train loss: 0.1824 | Val loss: 2.7255 | Val UAR: 0.3828
Epoch 50/100 [Alpha: 0.50] | Train loss: 0.0732 | Val loss: 2.7779 | Val UAR: 0.3516
Epoch 60/100 [Alpha: 0.50] | Train loss: 0.1164 | Val loss: 2.9005 | Val UAR: 0.3672
Epoch 70/100 [Alpha: 0.50] | Train loss: 0.0623 | Val loss: 2.6570 | Val UAR: 0.4141
Epoch 80/100 [Alpha: 0.50] | Train loss: 0.0238 | Val loss: 2.8809 | Val UAR: 0.3984
Epoch 90/100 [Alpha: 0.50] | Train loss: 0.0107 | Val loss: 2.9258 | Val UAR: 0.4141
Epoch 100/100 [Alpha: 0.50] | Train loss: 0.0271 | Val loss: 3.3196 | Val UAR: 0.3672

============================================================
Fold 2/5
============================================================
Epoch 1/100 [Alpha: 0.00] | Train loss: 2.6685 | Val loss: 1.9889 | Val UAR: 0.2109
Epoch 10/100 [Alpha: 0.30] | Train loss: 0.9783 | Val loss: 1.7741 | Val UAR: 0.4141
Epoch 20/100 [Alpha: 0.50] | Train loss: 0.3775 | Val loss: 2.0615 | Val UAR: 0.3984
Epoch 30/100 [Alpha: 0.50] | Train loss: 0.1950 | Val loss: 2.6279 | Val UAR: 0.3828
Epoch 40/100 [Alpha: 0.50] | Train loss: 0.1234 | Val loss: 2.5982 | Val UAR: 0.4297
...
Epoch 60/100 [Alpha: 0.50] | Train loss: 0.0639 | Val loss: 2.4745 | Val UAR: 0.4766
Epoch 70/100 [Alpha: 0.50] | Train loss: 0.0739 | Val loss: 2.3608 | Val UAR: 0.5469
Epoch 80/100 [Alpha: 0.50] | Train loss: 0.0578 | Val loss: 2.3881 | Val UAR: 0.5391
Epoch 90/100 [Alpha: 0.50] | Train loss: 0.0363 | Val loss: 2.2694 | Val UAR: 0.5781
Output is truncated. View as a scrollable element or open in a text editor. Adjust cell output settings...
[I 2026-07-09 18:13:53,236] Trial 9 finished with value: 0.44010416666666663 and parameters: {'lr': 0.0004093705429116689, 'batch_size': 32, 'dropout_rate': 0.2421027324719589, 'wd': 3.439289398043473e-05, 't_0_loop': 2}. Best is trial 2 with value: 0.49934895833333337.
Epoch 100/100 [Alpha: 0.50] | Train loss: 0.0139 | Val loss: 2.5525 | Val UAR: 0.5547

============================================================
Fold 1/5
============================================================
Epoch 1/100 [Alpha: 0.00] | Train loss: 2.5097 | Val loss: 2.8440 | Val UAR: 0.1328
Epoch 10/100 [Alpha: 0.30] | Train loss: 2.4142 | Val loss: 2.5830 | Val UAR: 0.1484
Epoch 20/100 [Alpha: 0.50] | Train loss: 2.3101 | Val loss: 2.4147 | Val UAR: 0.1484
Epoch 30/100 [Alpha: 0.50] | Train loss: 2.1682 | Val loss: 2.2627 | Val UAR: 0.1797
Epoch 40/100 [Alpha: 0.50] | Train loss: 2.0064 | Val loss: 2.1660 | Val UAR: 0.2188
Epoch 50/100 [Alpha: 0.50] | Train loss: 1.9317 | Val loss: 2.1023 | Val UAR: 0.2109
Epoch 60/100 [Alpha: 0.50] | Train loss: 1.8433 | Val loss: 2.0837 | Val UAR: 0.2109
Epoch 70/100 [Alpha: 0.50] | Train loss: 1.7395 | Val loss: 2.0022 | Val UAR: 0.2500
Epoch 80/100 [Alpha: 0.50] | Train loss: 1.6847 | Val loss: 1.9871 | Val UAR: 0.2578
Epoch 90/100 [Alpha: 0.50] | Train loss: 1.5730 | Val loss: 1.9498 | Val UAR: 0.2734
Epoch 100/100 [Alpha: 0.50] | Train loss: 1.5084 | Val loss: 1.9303 | Val UAR: 0.2891

============================================================
Fold 2/5
============================================================
Epoch 1/100 [Alpha: 0.00] | Train loss: 3.2695 | Val loss: 2.6550 | Val UAR: 0.0938
Epoch 10/100 [Alpha: 0.30] | Train loss: 2.7313 | Val loss: 2.3190 | Val UAR: 0.1406
Epoch 20/100 [Alpha: 0.50] | Train loss: 2.4786 | Val loss: 2.1463 | Val UAR: 0.1719
Epoch 30/100 [Alpha: 0.50] | Train loss: 2.2761 | Val loss: 2.0215 | Val UAR: 0.1953
Epoch 40/100 [Alpha: 0.50] | Train loss: 2.0757 | Val loss: 1.9651 | Val UAR: 0.2500
...
Epoch 70/100 [Alpha: 0.50] | Train loss: 1.6764 | Val loss: 1.6389 | Val UAR: 0.3750
Epoch 80/100 [Alpha: 0.50] | Train loss: 1.5526 | Val loss: 1.5919 | Val UAR: 0.3984
Epoch 90/100 [Alpha: 0.50] | Train loss: 1.4686 | Val loss: 1.5314 | Val UAR: 0.4453
Epoch 100/100 [Alpha: 0.50] | Train loss: 1.3977 | Val loss: 1.4926 | Val UAR: 0.4688
Output is truncated. View as a scrollable element or open in a text editor. Adjust cell output settings...
[I 2026-07-09 18:33:17,517] Trial 10 finished with value: 0.34375 and parameters: {'lr': 1.2318885297304135e-05, 'batch_size': 16, 'dropout_rate': 0.043565560090698535, 'wd': 0.00046630061069789314, 't_0_loop': 5}. Best is trial 2 with value: 0.49934895833333337.

============================================================
Fold 1/5
============================================================
Epoch 1/100 [Alpha: 0.00] | Train loss: 1.7770 | Val loss: 1.7140 | Val UAR: 0.2969
Epoch 10/100 [Alpha: 0.30] | Train loss: 0.3104 | Val loss: 1.8781 | Val UAR: 0.4922
Epoch 20/100 [Alpha: 0.50] | Train loss: 0.3089 | Val loss: 1.9679 | Val UAR: 0.5469
Epoch 30/100 [Alpha: 0.50] | Train loss: 0.2263 | Val loss: 2.2550 | Val UAR: 0.5391
Epoch 40/100 [Alpha: 0.50] | Train loss: 0.2286 | Val loss: 3.3581 | Val UAR: 0.4297
Epoch 50/100 [Alpha: 0.50] | Train loss: 0.2633 | Val loss: 2.1686 | Val UAR: 0.4844
Epoch 60/100 [Alpha: 0.50] | Train loss: 0.2241 | Val loss: 2.4280 | Val UAR: 0.4766
Epoch 70/100 [Alpha: 0.50] | Train loss: 0.1906 | Val loss: 2.3147 | Val UAR: 0.5234
Epoch 80/100 [Alpha: 0.50] | Train loss: 0.2544 | Val loss: 2.8865 | Val UAR: 0.4531
Epoch 90/100 [Alpha: 0.50] | Train loss: 0.1754 | Val loss: 2.5942 | Val UAR: 0.4922
Epoch 100/100 [Alpha: 0.50] | Train loss: 0.1702 | Val loss: 2.8054 | Val UAR: 0.4531

============================================================
Fold 2/5
============================================================
Epoch 1/100 [Alpha: 0.00] | Train loss: 1.7655 | Val loss: 1.9016 | Val UAR: 0.3125
Epoch 10/100 [Alpha: 0.30] | Train loss: 0.4128 | Val loss: 3.3963 | Val UAR: 0.3516
Epoch 20/100 [Alpha: 0.50] | Train loss: 0.2546 | Val loss: 3.9184 | Val UAR: 0.4219
Epoch 30/100 [Alpha: 0.50] | Train loss: 0.2275 | Val loss: 2.3838 | Val UAR: 0.5000
Epoch 40/100 [Alpha: 0.50] | Train loss: 0.1876 | Val loss: 3.6198 | Val UAR: 0.3672
Epoch 50/100 [Alpha: 0.50] | Train loss: 0.1964 | Val loss: 2.9727 | Val UAR: 0.4062
...
Epoch 70/100 [Alpha: 0.50] | Train loss: 0.1945 | Val loss: 2.1291 | Val UAR: 0.6484
Epoch 80/100 [Alpha: 0.50] | Train loss: 0.2745 | Val loss: 2.0280 | Val UAR: 0.6172
Epoch 90/100 [Alpha: 0.50] | Train loss: 0.1799 | Val loss: 2.3659 | Val UAR: 0.6641
Epoch 100/100 [Alpha: 0.50] | Train loss: 0.1671 | Val loss: 2.4580 | Val UAR: 0.6016
Output is truncated. View as a scrollable element or open in a text editor. Adjust cell output settings...
[I 2026-07-09 18:45:37,489] Trial 11 finished with value: 0.5104166666666666 and parameters: {'lr': 0.015378708428833926, 'batch_size': 32, 'dropout_rate': 0.34515535948437154, 'wd': 0.0002501222171995043, 't_0_loop': 3}. Best is trial 11 with value: 0.5104166666666666.

============================================================
Fold 1/5
============================================================
Epoch 1/100 [Alpha: 0.00] | Train loss: 2.0014 | Val loss: 1.8841 | Val UAR: 0.2109
Epoch 10/100 [Alpha: 0.30] | Train loss: 0.4201 | Val loss: 2.5185 | Val UAR: 0.4219
Epoch 20/100 [Alpha: 0.50] | Train loss: 0.2536 | Val loss: 2.4955 | Val UAR: 0.5156
Epoch 30/100 [Alpha: 0.50] | Train loss: 0.2051 | Val loss: 2.4415 | Val UAR: 0.4766
Epoch 40/100 [Alpha: 0.50] | Train loss: 0.1881 | Val loss: 3.8149 | Val UAR: 0.4297
Epoch 50/100 [Alpha: 0.50] | Train loss: 0.3858 | Val loss: 2.7936 | Val UAR: 0.4609
Epoch 60/100 [Alpha: 0.50] | Train loss: 0.1978 | Val loss: 3.4253 | Val UAR: 0.5547
Epoch 70/100 [Alpha: 0.50] | Train loss: 0.1928 | Val loss: 3.5301 | Val UAR: 0.4844
Epoch 80/100 [Alpha: 0.50] | Train loss: 0.2138 | Val loss: 3.0359 | Val UAR: 0.4844
Epoch 90/100 [Alpha: 0.50] | Train loss: 0.2689 | Val loss: 3.2798 | Val UAR: 0.4531
Epoch 100/100 [Alpha: 0.50] | Train loss: 0.2221 | Val loss: 3.9147 | Val UAR: 0.4922

============================================================
Fold 2/5
============================================================
Epoch 1/100 [Alpha: 0.00] | Train loss: 1.9274 | Val loss: 1.7951 | Val UAR: 0.2422
Epoch 10/100 [Alpha: 0.30] | Train loss: 0.3772 | Val loss: 2.3528 | Val UAR: 0.4609
Epoch 20/100 [Alpha: 0.50] | Train loss: 0.3693 | Val loss: 3.5673 | Val UAR: 0.3828
Epoch 30/100 [Alpha: 0.50] | Train loss: 0.2455 | Val loss: 2.7127 | Val UAR: 0.4375
Epoch 40/100 [Alpha: 0.50] | Train loss: 0.2509 | Val loss: 3.3656 | Val UAR: 0.4062
Epoch 50/100 [Alpha: 0.50] | Train loss: 0.1603 | Val loss: 3.4255 | Val UAR: 0.3828
...
Epoch 60/100 [Alpha: 0.50] | Train loss: 0.2065 | Val loss: 1.7918 | Val UAR: 0.6484
Epoch 70/100 [Alpha: 0.50] | Train loss: 0.2330 | Val loss: 3.3467 | Val UAR: 0.6172
Epoch 80/100 [Alpha: 0.50] | Train loss: 0.2201 | Val loss: 2.2359 | Val UAR: 0.6484
Epoch 90/100 [Alpha: 0.50] | Train loss: 0.1850 | Val loss: 2.5090 | Val UAR: 0.6250
Output is truncated. View as a scrollable element or open in a text editor. Adjust cell output settings...
[I 2026-07-09 18:53:35,162] Trial 12 finished with value: 0.5032552083333333 and parameters: {'lr': 0.02895649996152484, 'batch_size': 64, 'dropout_rate': 0.34372125138906345, 'wd': 0.00021301990495658398, 't_0_loop': 3}. Best is trial 11 with value: 0.5104166666666666.
Epoch 100/100 [Alpha: 0.50] | Train loss: 0.2056 | Val loss: 2.6467 | Val UAR: 0.5859

============================================================
Fold 1/5
============================================================
Epoch 1/100 [Alpha: 0.00] | Train loss: 1.9212 | Val loss: 1.8845 | Val UAR: 0.2656
Epoch 10/100 [Alpha: 0.30] | Train loss: 0.3005 | Val loss: 2.1013 | Val UAR: 0.5234
Epoch 20/100 [Alpha: 0.50] | Train loss: 0.3071 | Val loss: 2.4218 | Val UAR: 0.4844
Epoch 30/100 [Alpha: 0.50] | Train loss: 0.2493 | Val loss: 2.3455 | Val UAR: 0.4844
Epoch 40/100 [Alpha: 0.50] | Train loss: 0.2446 | Val loss: 3.0910 | Val UAR: 0.4453
Epoch 50/100 [Alpha: 0.50] | Train loss: 0.2438 | Val loss: 2.8626 | Val UAR: 0.4453
Epoch 60/100 [Alpha: 0.50] | Train loss: 0.2047 | Val loss: 2.8071 | Val UAR: 0.4609
Epoch 70/100 [Alpha: 0.50] | Train loss: 0.2300 | Val loss: 3.4601 | Val UAR: 0.4844
Epoch 80/100 [Alpha: 0.50] | Train loss: 0.4183 | Val loss: 2.0262 | Val UAR: 0.5312
Epoch 90/100 [Alpha: 0.50] | Train loss: 0.1883 | Val loss: 2.9945 | Val UAR: 0.4375
Epoch 100/100 [Alpha: 0.50] | Train loss: 0.2309 | Val loss: 3.3709 | Val UAR: 0.4297

============================================================
Fold 2/5
============================================================
Epoch 1/100 [Alpha: 0.00] | Train loss: 1.8585 | Val loss: 1.6888 | Val UAR: 0.3594
Epoch 10/100 [Alpha: 0.30] | Train loss: 0.3795 | Val loss: 2.2073 | Val UAR: 0.5391
Epoch 20/100 [Alpha: 0.50] | Train loss: 0.2696 | Val loss: 2.8423 | Val UAR: 0.4375
Epoch 30/100 [Alpha: 0.50] | Train loss: 0.2602 | Val loss: 3.2544 | Val UAR: 0.3828
Epoch 40/100 [Alpha: 0.50] | Train loss: 0.2599 | Val loss: 3.3655 | Val UAR: 0.3984
...
Epoch 60/100 [Alpha: 0.50] | Train loss: 0.1693 | Val loss: 2.0513 | Val UAR: 0.6016
Epoch 70/100 [Alpha: 0.50] | Train loss: 0.2294 | Val loss: 1.7648 | Val UAR: 0.6328
Epoch 80/100 [Alpha: 0.50] | Train loss: 0.2854 | Val loss: 2.2182 | Val UAR: 0.6250
Epoch 90/100 [Alpha: 0.50] | Train loss: 0.1689 | Val loss: 2.8139 | Val UAR: 0.6172
Output is truncated. View as a scrollable element or open in a text editor. Adjust cell output settings...
[I 2026-07-09 19:06:06,716] Trial 13 finished with value: 0.5182291666666666 and parameters: {'lr': 0.019297097395950705, 'batch_size': 32, 'dropout_rate': 0.3606470313378609, 'wd': 0.00019976587524104205, 't_0_loop': 3}. Best is trial 13 with value: 0.5182291666666666.
Epoch 100/100 [Alpha: 0.50] | Train loss: 0.2141 | Val loss: 3.1572 | Val UAR: 0.5156

============================================================
Fold 1/5
============================================================
Epoch 1/100 [Alpha: 0.00] | Train loss: 2.0099 | Val loss: 1.7989 | Val UAR: 0.2812
Epoch 10/100 [Alpha: 0.30] | Train loss: 0.2247 | Val loss: 1.9194 | Val UAR: 0.4453
Epoch 20/100 [Alpha: 0.50] | Train loss: 0.1475 | Val loss: 2.1845 | Val UAR: 0.4844
Epoch 30/100 [Alpha: 0.50] | Train loss: 0.1482 | Val loss: 2.1270 | Val UAR: 0.4531
Epoch 40/100 [Alpha: 0.50] | Train loss: 0.0380 | Val loss: 2.6713 | Val UAR: 0.4297
Epoch 50/100 [Alpha: 0.50] | Train loss: 0.0689 | Val loss: 2.3629 | Val UAR: 0.5078
Epoch 60/100 [Alpha: 0.50] | Train loss: 0.0416 | Val loss: 2.2098 | Val UAR: 0.4766
Epoch 70/100 [Alpha: 0.50] | Train loss: 0.0336 | Val loss: 2.7304 | Val UAR: 0.4375
Epoch 80/100 [Alpha: 0.50] | Train loss: 0.0084 | Val loss: 2.5425 | Val UAR: 0.4922
Epoch 90/100 [Alpha: 0.50] | Train loss: 0.0017 | Val loss: 2.5013 | Val UAR: 0.4922
Epoch 100/100 [Alpha: 0.50] | Train loss: 0.0011 | Val loss: 2.5069 | Val UAR: 0.4922

============================================================
Fold 2/5
============================================================
Epoch 1/100 [Alpha: 0.00] | Train loss: 2.0208 | Val loss: 1.7623 | Val UAR: 0.3828
Epoch 10/100 [Alpha: 0.30] | Train loss: 0.2147 | Val loss: 2.6030 | Val UAR: 0.3828
Epoch 20/100 [Alpha: 0.50] | Train loss: 0.1297 | Val loss: 2.8973 | Val UAR: 0.4219
Epoch 30/100 [Alpha: 0.50] | Train loss: 0.0781 | Val loss: 3.3103 | Val UAR: 0.3906
Epoch 40/100 [Alpha: 0.50] | Train loss: 0.1094 | Val loss: 2.8687 | Val UAR: 0.4062
...
Epoch 60/100 [Alpha: 0.50] | Train loss: 0.0464 | Val loss: 1.9564 | Val UAR: 0.6797
Epoch 70/100 [Alpha: 0.50] | Train loss: 0.0095 | Val loss: 1.8612 | Val UAR: 0.6562
Epoch 80/100 [Alpha: 0.50] | Train loss: 0.0539 | Val loss: 1.4829 | Val UAR: 0.7109
Epoch 90/100 [Alpha: 0.50] | Train loss: 0.0020 | Val loss: 1.8270 | Val UAR: 0.6484
Output is truncated. View as a scrollable element or open in a text editor. Adjust cell output settings...
[I 2026-07-09 19:18:18,962] Trial 14 finished with value: 0.49739583333333337 and parameters: {'lr': 0.0030090336741838844, 'batch_size': 32, 'dropout_rate': 0.3491974794835197, 'wd': 0.00025626031901355555, 't_0_loop': 5}. Best is trial 13 with value: 0.5182291666666666.
Epoch 100/100 [Alpha: 0.50] | Train loss: 0.0017 | Val loss: 1.8067 | Val UAR: 0.6484

============================================================
Fold 1/5
============================================================
Epoch 1/100 [Alpha: 0.00] | Train loss: 1.8114 | Val loss: 1.6908 | Val UAR: 0.3750
Epoch 10/100 [Alpha: 0.30] | Train loss: 0.1598 | Val loss: 1.9309 | Val UAR: 0.4688
Epoch 20/100 [Alpha: 0.50] | Train loss: 0.1422 | Val loss: 2.2502 | Val UAR: 0.5000
Epoch 30/100 [Alpha: 0.50] | Train loss: 0.0924 | Val loss: 2.5159 | Val UAR: 0.5000
Epoch 40/100 [Alpha: 0.50] | Train loss: 0.0693 | Val loss: 2.4071 | Val UAR: 0.5469
Epoch 50/100 [Alpha: 0.50] | Train loss: 0.0470 | Val loss: 2.3710 | Val UAR: 0.5781
Epoch 60/100 [Alpha: 0.50] | Train loss: 0.0526 | Val loss: 2.1067 | Val UAR: 0.5156
Epoch 70/100 [Alpha: 0.50] | Train loss: 0.0626 | Val loss: 2.3442 | Val UAR: 0.4844
Epoch 80/100 [Alpha: 0.50] | Train loss: 0.0237 | Val loss: 2.3438 | Val UAR: 0.5391
Epoch 90/100 [Alpha: 0.50] | Train loss: 0.0324 | Val loss: 2.8426 | Val UAR: 0.4609
Epoch 100/100 [Alpha: 0.50] | Train loss: 0.0405 | Val loss: 2.0795 | Val UAR: 0.5625

============================================================
Fold 2/5
============================================================
Epoch 1/100 [Alpha: 0.00] | Train loss: 1.7881 | Val loss: 1.8248 | Val UAR: 0.2891
Epoch 10/100 [Alpha: 0.30] | Train loss: 0.1543 | Val loss: 2.2322 | Val UAR: 0.4453
Epoch 20/100 [Alpha: 0.50] | Train loss: 0.1220 | Val loss: 2.5820 | Val UAR: 0.5078
Epoch 30/100 [Alpha: 0.50] | Train loss: 0.0747 | Val loss: 2.7550 | Val UAR: 0.5078
Epoch 40/100 [Alpha: 0.50] | Train loss: 0.0434 | Val loss: 2.5479 | Val UAR: 0.4531
...
Epoch 60/100 [Alpha: 0.50] | Train loss: 0.0413 | Val loss: 1.8089 | Val UAR: 0.6484
Epoch 70/100 [Alpha: 0.50] | Train loss: 0.0485 | Val loss: 1.6510 | Val UAR: 0.6406
Epoch 80/100 [Alpha: 0.50] | Train loss: 0.0305 | Val loss: 1.8307 | Val UAR: 0.6406
Epoch 90/100 [Alpha: 0.50] | Train loss: 0.0556 | Val loss: 1.8119 | Val UAR: 0.6328
Output is truncated. View as a scrollable element or open in a text editor. Adjust cell output settings...
[I 2026-07-09 19:29:02,033] Trial 15 finished with value: 0.5045572916666667 and parameters: {'lr': 0.013031815767304887, 'batch_size': 32, 'dropout_rate': 0.33129919147462145, 'wd': 0.0007105200421615943, 't_0_loop': 10}. Best is trial 13 with value: 0.5182291666666666.
Epoch 100/100 [Alpha: 0.50] | Train loss: 0.0346 | Val loss: 1.6182 | Val UAR: 0.6641

============================================================
Fold 1/5
============================================================
Epoch 1/100 [Alpha: 0.00] | Train loss: 2.1337 | Val loss: 1.7941 | Val UAR: 0.2422
Epoch 10/100 [Alpha: 0.30] | Train loss: 0.2957 | Val loss: 1.9649 | Val UAR: 0.4609
Epoch 20/100 [Alpha: 0.50] | Train loss: 0.2653 | Val loss: 2.6144 | Val UAR: 0.4531
Epoch 30/100 [Alpha: 0.50] | Train loss: 0.1578 | Val loss: 2.1444 | Val UAR: 0.5078
Epoch 40/100 [Alpha: 0.50] | Train loss: 0.1599 | Val loss: 2.0242 | Val UAR: 0.5391
Epoch 50/100 [Alpha: 0.50] | Train loss: 0.1857 | Val loss: 2.5404 | Val UAR: 0.4688
Epoch 60/100 [Alpha: 0.50] | Train loss: 0.1100 | Val loss: 2.2406 | Val UAR: 0.5078
Epoch 70/100 [Alpha: 0.50] | Train loss: 0.1808 | Val loss: 2.4392 | Val UAR: 0.4922
Epoch 80/100 [Alpha: 0.50] | Train loss: 0.1679 | Val loss: 3.4060 | Val UAR: 0.3906
Epoch 90/100 [Alpha: 0.50] | Train loss: 0.0676 | Val loss: 2.6150 | Val UAR: 0.4844
Epoch 100/100 [Alpha: 0.50] | Train loss: 0.0684 | Val loss: 3.5830 | Val UAR: 0.3516

============================================================
Fold 2/5
============================================================
Epoch 1/100 [Alpha: 0.00] | Train loss: 2.0970 | Val loss: 1.7951 | Val UAR: 0.2891
Epoch 10/100 [Alpha: 0.30] | Train loss: 0.3397 | Val loss: 2.2276 | Val UAR: 0.3906
Epoch 20/100 [Alpha: 0.50] | Train loss: 0.2517 | Val loss: 3.4105 | Val UAR: 0.3594
Epoch 30/100 [Alpha: 0.50] | Train loss: 0.1330 | Val loss: 3.3457 | Val UAR: 0.3906
Epoch 40/100 [Alpha: 0.50] | Train loss: 0.1084 | Val loss: 3.5176 | Val UAR: 0.4453
...
Epoch 60/100 [Alpha: 0.50] | Train loss: 0.0352 | Val loss: 2.1124 | Val UAR: 0.6484
Epoch 70/100 [Alpha: 0.50] | Train loss: 0.1199 | Val loss: 2.0887 | Val UAR: 0.5781
Epoch 80/100 [Alpha: 0.50] | Train loss: 0.0725 | Val loss: 1.9229 | Val UAR: 0.6797
Epoch 90/100 [Alpha: 0.50] | Train loss: 0.0766 | Val loss: 2.0323 | Val UAR: 0.6562
Output is truncated. View as a scrollable element or open in a text editor. Adjust cell output settings...
[I 2026-07-09 19:36:30,689] Trial 16 finished with value: 0.5 and parameters: {'lr': 0.0025113406206443293, 'batch_size': 32, 'dropout_rate': 0.38427058215859244, 'wd': 9.635003865550372e-05, 't_0_loop': 3}. Best is trial 13 with value: 0.5182291666666666.
Epoch 100/100 [Alpha: 0.50] | Train loss: 0.0110 | Val loss: 2.2395 | Val UAR: 0.6094

============================================================
Fold 1/5
============================================================
Epoch 1/100 [Alpha: 0.00] | Train loss: 1.7992 | Val loss: 1.6236 | Val UAR: 0.3359
Epoch 10/100 [Alpha: 0.30] | Train loss: 0.2594 | Val loss: 2.0154 | Val UAR: 0.5156
Epoch 20/100 [Alpha: 0.50] | Train loss: 0.2734 | Val loss: 3.1945 | Val UAR: 0.4062
Epoch 30/100 [Alpha: 0.50] | Train loss: 0.1751 | Val loss: 2.4440 | Val UAR: 0.4375
Epoch 40/100 [Alpha: 0.50] | Train loss: 0.1451 | Val loss: 2.4225 | Val UAR: 0.4844
Epoch 50/100 [Alpha: 0.50] | Train loss: 0.2232 | Val loss: 1.7657 | Val UAR: 0.6172
Epoch 60/100 [Alpha: 0.50] | Train loss: 0.1859 | Val loss: 2.3507 | Val UAR: 0.5469
Epoch 70/100 [Alpha: 0.50] | Train loss: 0.1806 | Val loss: 2.9680 | Val UAR: 0.4844
Epoch 80/100 [Alpha: 0.50] | Train loss: 0.1945 | Val loss: 2.5748 | Val UAR: 0.4766
Epoch 90/100 [Alpha: 0.50] | Train loss: 0.1631 | Val loss: 2.5935 | Val UAR: 0.5234
Epoch 100/100 [Alpha: 0.50] | Train loss: 0.1471 | Val loss: 2.9441 | Val UAR: 0.4922

============================================================
Fold 2/5
============================================================
Epoch 1/100 [Alpha: 0.00] | Train loss: 1.7564 | Val loss: 1.8081 | Val UAR: 0.2812
Epoch 10/100 [Alpha: 0.30] | Train loss: 0.2859 | Val loss: 2.8985 | Val UAR: 0.4219
Epoch 20/100 [Alpha: 0.50] | Train loss: 0.2916 | Val loss: 2.5653 | Val UAR: 0.4922
Epoch 30/100 [Alpha: 0.50] | Train loss: 0.1641 | Val loss: 2.5889 | Val UAR: 0.4844
Epoch 40/100 [Alpha: 0.50] | Train loss: 0.2170 | Val loss: 3.5627 | Val UAR: 0.4062
...
Epoch 70/100 [Alpha: 0.50] | Train loss: 0.1914 | Val loss: 1.7058 | Val UAR: 0.6250
Epoch 80/100 [Alpha: 0.50] | Train loss: 0.1880 | Val loss: 1.6477 | Val UAR: 0.6250
Epoch 90/100 [Alpha: 0.50] | Train loss: 0.1286 | Val loss: 1.7825 | Val UAR: 0.6484
Epoch 100/100 [Alpha: 0.50] | Train loss: 0.1645 | Val loss: 1.8482 | Val UAR: 0.6562
Output is truncated. View as a scrollable element or open in a text editor. Adjust cell output settings...
